{"/home/travis/build/npmtest/node-npmtest-tapable/test.js":{"path":"/home/travis/build/npmtest/node-npmtest-tapable/test.js","s":{"1":2,"2":2,"3":2,"4":2,"5":2,"6":2,"7":2,"8":1,"9":2,"10":2,"11":1,"12":1,"13":1,"14":1,"15":2,"16":2,"17":2,"18":2,"19":1,"20":1,"21":2,"22":2,"23":2,"24":1,"25":1,"26":1,"27":1,"28":1,"29":1,"30":1,"31":1,"32":1,"33":1,"34":1,"35":1,"36":1,"37":1,"38":1,"39":2,"40":2,"41":1,"42":2,"43":2,"44":1,"45":2,"46":2,"47":1,"48":2,"49":2,"50":1,"51":1,"52":1,"53":1,"54":1},"b":{"1":[2,1,1,1],"2":[1,1,1,1],"3":[1,1],"4":[1,1],"5":[1,1],"6":[1,1],"7":[1,1],"8":[1,1],"9":[1,1],"10":[1,1,1],"11":[1,1],"12":[1,1],"13":[1,1],"14":[1,1],"15":[1,1],"16":[1,1],"17":[1,1]},"f":{"1":2,"2":2,"3":2,"4":2,"5":2,"6":1,"7":1,"8":1,"9":2,"10":2,"11":2,"12":2,"13":1},"fnMap":{"1":{"name":"(anonymous_1)","line":12,"loc":{"start":{"line":12,"column":1},"end":{"line":12,"column":13}}},"2":{"name":"(anonymous_2)","line":19,"loc":{"start":{"line":19,"column":5},"end":{"line":19,"column":17}}},"3":{"name":"(anonymous_3)","line":23,"loc":{"start":{"line":23,"column":24},"end":{"line":23,"column":36}}},"4":{"name":"(anonymous_4)","line":61,"loc":{"start":{"line":61,"column":5},"end":{"line":61,"column":17}}},"5":{"name":"(anonymous_5)","line":82,"loc":{"start":{"line":82,"column":5},"end":{"line":82,"column":17}}},"6":{"name":"(anonymous_6)","line":91,"loc":{"start":{"line":91,"column":77},"end":{"line":94,"column":10}}},"7":{"name":"(anonymous_7)","line":112,"loc":{"start":{"line":112,"column":83},"end":{"line":115,"column":10}},"skip":true},"8":{"name":"(anonymous_8)","line":123,"loc":{"start":{"line":123,"column":77},"end":{"line":126,"column":10}},"skip":true},"9":{"name":"(anonymous_9)","line":139,"loc":{"start":{"line":139,"column":12},"end":{"line":139,"column":40}},"skip":true},"10":{"name":"(anonymous_10)","line":147,"loc":{"start":{"line":147,"column":77},"end":{"line":150,"column":10}},"skip":true},"11":{"name":"(anonymous_11)","line":158,"loc":{"start":{"line":158,"column":83},"end":{"line":161,"column":10}},"skip":true},"12":{"name":"(anonymous_12)","line":169,"loc":{"start":{"line":169,"column":79},"end":{"line":172,"column":10}},"skip":true},"13":{"name":"(anonymous_13)","line":180,"loc":{"start":{"line":180,"column":75},"end":{"line":183,"column":10}},"skip":true}},"statementMap":{"1":{"start":{"line":12,"column":0},"end":{"line":195,"column":5}},"2":{"start":{"line":14,"column":4},"end":{"line":14,"column":14}},"3":{"start":{"line":19,"column":4},"end":{"line":56,"column":9}},"4":{"start":{"line":21,"column":8},"end":{"line":21,"column":19}},"5":{"start":{"line":23,"column":8},"end":{"line":35,"column":13}},"6":{"start":{"line":24,"column":12},"end":{"line":34,"column":13}},"7":{"start":{"line":25,"column":16},"end":{"line":28,"column":30}},"8":{"start":{"line":30,"column":16},"end":{"line":33,"column":27}},"9":{"start":{"line":37,"column":8},"end":{"line":39,"column":21}},"10":{"start":{"line":40,"column":8},"end":{"line":53,"column":9}},"11":{"start":{"line":43,"column":12},"end":{"line":46,"column":14}},"12":{"start":{"line":47,"column":12},"end":{"line":47,"column":18}},"13":{"start":{"line":50,"column":12},"end":{"line":51,"column":33}},"14":{"start":{"line":52,"column":12},"end":{"line":52,"column":18}},"15":{"start":{"line":55,"column":8},"end":{"line":55,"column":35}},"16":{"start":{"line":61,"column":4},"end":{"line":63,"column":9}},"17":{"start":{"line":62,"column":8},"end":{"line":62,"column":15}},"18":{"start":{"line":64,"column":4},"end":{"line":77,"column":5}},"19":{"start":{"line":70,"column":8},"end":{"line":70,"column":14}},"20":{"start":{"line":76,"column":8},"end":{"line":76,"column":14}},"21":{"start":{"line":82,"column":4},"end":{"line":84,"column":9}},"22":{"start":{"line":83,"column":8},"end":{"line":83,"column":15}},"23":{"start":{"line":85,"column":4},"end":{"line":194,"column":5}},"24":{"start":{"line":91,"column":8},"end":{"line":99,"column":10}},"25":{"start":{"line":98,"column":12},"end":{"line":98,"column":35}},"26":{"start":{"line":102,"column":8},"end":{"line":104,"column":63}},"27":{"start":{"line":105,"column":8},"end":{"line":105,"column":14}},"28":{"start":{"line":112,"column":8},"end":{"line":121,"column":10},"skip":true},"29":{"start":{"line":119,"column":12},"end":{"line":119,"column":55},"skip":true},"30":{"start":{"line":120,"column":12},"end":{"line":120,"column":48},"skip":true},"31":{"start":{"line":123,"column":8},"end":{"line":136,"column":10},"skip":true},"32":{"start":{"line":130,"column":12},"end":{"line":130,"column":76},"skip":true},"33":{"start":{"line":131,"column":12},"end":{"line":131,"column":73},"skip":true},"34":{"start":{"line":132,"column":12},"end":{"line":132,"column":74},"skip":true},"35":{"start":{"line":133,"column":12},"end":{"line":133,"column":79},"skip":true},"36":{"start":{"line":134,"column":12},"end":{"line":134,"column":25},"skip":true},"37":{"start":{"line":135,"column":12},"end":{"line":135,"column":45},"skip":true},"38":{"start":{"line":138,"column":8},"end":{"line":145,"column":14},"skip":true},"39":{"start":{"line":143,"column":16},"end":{"line":143,"column":29},"skip":true},"40":{"start":{"line":144,"column":16},"end":{"line":144,"column":55},"skip":true},"41":{"start":{"line":147,"column":8},"end":{"line":156,"column":10},"skip":true},"42":{"start":{"line":154,"column":12},"end":{"line":154,"column":25},"skip":true},"43":{"start":{"line":155,"column":12},"end":{"line":155,"column":45},"skip":true},"44":{"start":{"line":158,"column":8},"end":{"line":167,"column":10},"skip":true},"45":{"start":{"line":165,"column":12},"end":{"line":165,"column":25},"skip":true},"46":{"start":{"line":166,"column":12},"end":{"line":166,"column":48},"skip":true},"47":{"start":{"line":169,"column":8},"end":{"line":178,"column":10},"skip":true},"48":{"start":{"line":176,"column":12},"end":{"line":176,"column":25},"skip":true},"49":{"start":{"line":177,"column":12},"end":{"line":177,"column":46},"skip":true},"50":{"start":{"line":180,"column":8},"end":{"line":189,"column":10},"skip":true},"51":{"start":{"line":187,"column":12},"end":{"line":187,"column":94},"skip":true},"52":{"start":{"line":188,"column":12},"end":{"line":188,"column":48},"skip":true},"53":{"start":{"line":192,"column":8},"end":{"line":192,"column":35},"skip":true},"54":{"start":{"line":193,"column":8},"end":{"line":193,"column":14},"skip":true}},"branchMap":{"1":{"line":25,"type":"binary-expr","locations":[{"start":{"line":25,"column":23},"end":{"line":25,"column":62}},{"start":{"line":26,"column":20},"end":{"line":26,"column":70}},{"start":{"line":27,"column":20},"end":{"line":27,"column":71}},{"start":{"line":28,"column":20},"end":{"line":28,"column":29}}]},"2":{"line":30,"type":"binary-expr","locations":[{"start":{"line":30,"column":23},"end":{"line":30,"column":37}},{"start":{"line":31,"column":20},"end":{"line":31,"column":61}},{"start":{"line":32,"column":20},"end":{"line":32,"column":70}},{"start":{"line":33,"column":20},"end":{"line":33,"column":26}}]},"3":{"line":37,"type":"cond-expr","locations":[{"start":{"line":38,"column":14},"end":{"line":38,"column":20}},{"start":{"line":39,"column":14},"end":{"line":39,"column":20}}]},"4":{"line":40,"type":"switch","locations":[{"start":{"line":42,"column":8},"end":{"line":47,"column":18}},{"start":{"line":49,"column":8},"end":{"line":52,"column":18}}]},"5":{"line":44,"type":"binary-expr","locations":[{"start":{"line":44,"column":16},"end":{"line":44,"column":44}},{"start":{"line":44,"column":48},"end":{"line":44,"column":66}}]},"6":{"line":50,"type":"binary-expr","locations":[{"start":{"line":50,"column":21},"end":{"line":50,"column":49}},{"start":{"line":50,"column":53},"end":{"line":50,"column":72}}]},"7":{"line":64,"type":"switch","locations":[{"start":{"line":69,"column":4},"end":{"line":70,"column":14}},{"start":{"line":75,"column":4},"end":{"line":76,"column":14}}]},"8":{"line":85,"type":"switch","locations":[{"start":{"line":90,"column":4},"end":{"line":105,"column":14}},{"start":{"line":111,"column":4},"end":{"line":193,"column":14},"skip":true}]},"9":{"line":91,"type":"binary-expr","locations":[{"start":{"line":91,"column":42},"end":{"line":91,"column":73}},{"start":{"line":91,"column":77},"end":{"line":99,"column":9}}]},"10":{"line":102,"type":"binary-expr","locations":[{"start":{"line":102,"column":18},"end":{"line":102,"column":32}},{"start":{"line":103,"column":12},"end":{"line":103,"column":53}},{"start":{"line":104,"column":12},"end":{"line":104,"column":61}}]},"11":{"line":112,"type":"binary-expr","locations":[{"start":{"line":112,"column":45},"end":{"line":112,"column":79},"skip":true},{"start":{"line":112,"column":83},"end":{"line":121,"column":9},"skip":true}]},"12":{"line":123,"type":"binary-expr","locations":[{"start":{"line":123,"column":42},"end":{"line":123,"column":73},"skip":true},{"start":{"line":123,"column":77},"end":{"line":136,"column":9},"skip":true}]},"13":{"line":138,"type":"binary-expr","locations":[{"start":{"line":138,"column":48},"end":{"line":138,"column":85},"skip":true},{"start":{"line":139,"column":12},"end":{"line":145,"column":13},"skip":true}]},"14":{"line":147,"type":"binary-expr","locations":[{"start":{"line":147,"column":42},"end":{"line":147,"column":73},"skip":true},{"start":{"line":147,"column":77},"end":{"line":156,"column":9},"skip":true}]},"15":{"line":158,"type":"binary-expr","locations":[{"start":{"line":158,"column":45},"end":{"line":158,"column":79},"skip":true},{"start":{"line":158,"column":83},"end":{"line":167,"column":9},"skip":true}]},"16":{"line":169,"type":"binary-expr","locations":[{"start":{"line":169,"column":43},"end":{"line":169,"column":75},"skip":true},{"start":{"line":169,"column":79},"end":{"line":178,"column":9},"skip":true}]},"17":{"line":180,"type":"binary-expr","locations":[{"start":{"line":180,"column":41},"end":{"line":180,"column":71},"skip":true},{"start":{"line":180,"column":75},"end":{"line":189,"column":9},"skip":true}]}},"code":["/* istanbul instrument in package npmtest_tapable */","/*jslint","    bitwise: true,","    browser: true,","    maxerr: 8,","    maxlen: 96,","    node: true,","    nomen: true,","    regexp: true,","    stupid: true","*/","(function () {","    'use strict';","    var local;","","","","    // run shared js-env code - init-before","    (function () {","        // init local","        local = {};","        // init modeJs","        local.modeJs = (function () {","            try {","                return typeof navigator.userAgent === 'string' &&","                    typeof document.querySelector('body') === 'object' &&","                    typeof XMLHttpRequest.prototype.open === 'function' &&","                    'browser';","            } catch (errorCaughtBrowser) {","                return module.exports &&","                    typeof process.versions.node === 'string' &&","                    typeof require('http').createServer === 'function' &&","                    'node';","            }","        }());","        // init global","        local.global = local.modeJs === 'browser'","            ? window","            : global;","        switch (local.modeJs) {","        // re-init local from window.local","        case 'browser':","            local = local.global.utility2.objectSetDefault(","                local.global.utility2_rollup || local.global.local,","                local.global.utility2","            );","            break;","        // re-init local from example.js","        case 'node':","            local = (local.global.utility2_rollup || require('utility2'))","                .requireReadme();","            break;","        }","        // export local","        local.global.local = local;","    }());","","","","    // run shared js-env code - function","    (function () {","        return;","    }());","    switch (local.modeJs) {","","","","    // run browser js-env code - function","    case 'browser':","        break;","","","","    // run node js-env code - function","    case 'node':","        break;","    }","","","","    // run shared js-env code - init-after","    (function () {","        return;","    }());","    switch (local.modeJs) {","","","","    // run browser js-env code - init-after","    case 'browser':","        local.testCase_browser_nullCase = local.testCase_browser_nullCase || function (","            options,","            onError","        ) {","        /*","         * this function will test browsers's null-case handling-behavior-behavior","         */","            onError(null, options);","        };","","        // run tests","        local.nop(local.modeTest &&","            document.querySelector('#testRunButton1') &&","            document.querySelector('#testRunButton1').click());","        break;","","","","    // run node js-env code - init-after","    /* istanbul ignore next */","    case 'node':","        local.testCase_buildApidoc_default = local.testCase_buildApidoc_default || function (","            options,","            onError","        ) {","        /*","         * this function will test buildApidoc's default handling-behavior-behavior","         */","            options = { modulePathList: module.paths };","            local.buildApidoc(options, onError);","        };","","        local.testCase_buildApp_default = local.testCase_buildApp_default || function (","            options,","            onError","        ) {","        /*","         * this function will test buildApp's default handling-behavior-behavior","         */","            local.testCase_buildReadme_default(options, local.onErrorThrow);","            local.testCase_buildLib_default(options, local.onErrorThrow);","            local.testCase_buildTest_default(options, local.onErrorThrow);","            local.testCase_buildCustomOrg_default(options, local.onErrorThrow);","            options = [];","            local.buildApp(options, onError);","        };","","        local.testCase_buildCustomOrg_default = local.testCase_buildCustomOrg_default ||","            function (options, onError) {","            /*","             * this function will test buildCustomOrg's default handling-behavior","             */","                options = {};","                local.buildCustomOrg(options, onError);","            };","","        local.testCase_buildLib_default = local.testCase_buildLib_default || function (","            options,","            onError","        ) {","        /*","         * this function will test buildLib's default handling-behavior","         */","            options = {};","            local.buildLib(options, onError);","        };","","        local.testCase_buildReadme_default = local.testCase_buildReadme_default || function (","            options,","            onError","        ) {","        /*","         * this function will test buildReadme's default handling-behavior-behavior","         */","            options = {};","            local.buildReadme(options, onError);","        };","","        local.testCase_buildTest_default = local.testCase_buildTest_default || function (","            options,","            onError","        ) {","        /*","         * this function will test buildTest's default handling-behavior","         */","            options = {};","            local.buildTest(options, onError);","        };","","        local.testCase_webpage_default = local.testCase_webpage_default || function (","            options,","            onError","        ) {","        /*","         * this function will test webpage's default handling-behavior","         */","            options = { modeCoverageMerge: true, url: local.serverLocalHost + '?modeTest=1' };","            local.browserTest(options, onError);","        };","","        // run test-server","        local.testRunServer(local);","        break;","    }","}());",""],"l":{"12":2,"14":2,"19":2,"21":2,"23":2,"24":2,"25":2,"30":1,"37":2,"40":2,"43":1,"47":1,"50":1,"52":1,"55":2,"61":2,"62":2,"64":2,"70":1,"76":1,"82":2,"83":2,"85":2,"91":1,"98":1,"102":1,"105":1,"112":1,"119":1,"120":1,"123":1,"130":1,"131":1,"132":1,"133":1,"134":1,"135":1,"138":1,"143":2,"144":2,"147":1,"154":2,"155":2,"158":1,"165":2,"166":2,"169":1,"176":2,"177":2,"180":1,"187":1,"188":1,"192":1,"193":1}},"/home/travis/build/npmtest/node-npmtest-tapable/lib.npmtest_tapable.js":{"path":"/home/travis/build/npmtest/node-npmtest-tapable/lib.npmtest_tapable.js","s":{"1":2,"2":2,"3":2,"4":2,"5":2,"6":2,"7":2,"8":1,"9":2,"10":2,"11":2,"12":2,"13":1,"14":1,"15":1,"16":1},"b":{"1":[2,1,1,1],"2":[1,1,1,1],"3":[1,1],"4":[2,2],"5":[1,1]},"f":{"1":2,"2":2,"3":2},"fnMap":{"1":{"name":"(anonymous_1)","line":12,"loc":{"start":{"line":12,"column":1},"end":{"line":12,"column":13}}},"2":{"name":"(anonymous_2)","line":19,"loc":{"start":{"line":19,"column":5},"end":{"line":19,"column":17}}},"3":{"name":"(anonymous_3)","line":23,"loc":{"start":{"line":23,"column":24},"end":{"line":23,"column":36}}}},"statementMap":{"1":{"start":{"line":12,"column":0},"end":{"line":53,"column":5}},"2":{"start":{"line":14,"column":4},"end":{"line":14,"column":14}},"3":{"start":{"line":19,"column":4},"end":{"line":52,"column":9}},"4":{"start":{"line":21,"column":8},"end":{"line":21,"column":19}},"5":{"start":{"line":23,"column":8},"end":{"line":35,"column":13}},"6":{"start":{"line":24,"column":12},"end":{"line":34,"column":13}},"7":{"start":{"line":25,"column":16},"end":{"line":28,"column":30}},"8":{"start":{"line":30,"column":16},"end":{"line":33,"column":27}},"9":{"start":{"line":37,"column":8},"end":{"line":39,"column":21}},"10":{"start":{"line":41,"column":8},"end":{"line":41,"column":54}},"11":{"start":{"line":43,"column":8},"end":{"line":43,"column":52}},"12":{"start":{"line":45,"column":8},"end":{"line":51,"column":9}},"13":{"start":{"line":46,"column":12},"end":{"line":46,"column":58}},"14":{"start":{"line":48,"column":12},"end":{"line":48,"column":35}},"15":{"start":{"line":49,"column":12},"end":{"line":49,"column":49}},"16":{"start":{"line":50,"column":12},"end":{"line":50,"column":43}}},"branchMap":{"1":{"line":25,"type":"binary-expr","locations":[{"start":{"line":25,"column":23},"end":{"line":25,"column":62}},{"start":{"line":26,"column":20},"end":{"line":26,"column":70}},{"start":{"line":27,"column":20},"end":{"line":27,"column":71}},{"start":{"line":28,"column":20},"end":{"line":28,"column":29}}]},"2":{"line":30,"type":"binary-expr","locations":[{"start":{"line":30,"column":23},"end":{"line":30,"column":37}},{"start":{"line":31,"column":20},"end":{"line":31,"column":61}},{"start":{"line":32,"column":20},"end":{"line":32,"column":70}},{"start":{"line":33,"column":20},"end":{"line":33,"column":26}}]},"3":{"line":37,"type":"cond-expr","locations":[{"start":{"line":38,"column":14},"end":{"line":38,"column":20}},{"start":{"line":39,"column":14},"end":{"line":39,"column":20}}]},"4":{"line":41,"type":"binary-expr","locations":[{"start":{"line":41,"column":16},"end":{"line":41,"column":44}},{"start":{"line":41,"column":48},"end":{"line":41,"column":53}}]},"5":{"line":45,"type":"if","locations":[{"start":{"line":45,"column":8},"end":{"line":45,"column":8}},{"start":{"line":45,"column":8},"end":{"line":45,"column":8}}]}},"code":["/* istanbul instrument in package npmtest_tapable */","/*jslint","    bitwise: true,","    browser: true,","    maxerr: 8,","    maxlen: 96,","    node: true,","    nomen: true,","    regexp: true,","    stupid: true","*/","(function () {","    'use strict';","    var local;","","","","    // run shared js-env code - init-before","    (function () {","        // init local","        local = {};","        // init modeJs","        local.modeJs = (function () {","            try {","                return typeof navigator.userAgent === 'string' &&","                    typeof document.querySelector('body') === 'object' &&","                    typeof XMLHttpRequest.prototype.open === 'function' &&","                    'browser';","            } catch (errorCaughtBrowser) {","                return module.exports &&","                    typeof process.versions.node === 'string' &&","                    typeof require('http').createServer === 'function' &&","                    'node';","            }","        }());","        // init global","        local.global = local.modeJs === 'browser'","            ? window","            : global;","        // init utility2_rollup","        local = local.global.utility2_rollup || local;","        // init lib","        local.local = local.npmtest_tapable = local;","        // init exports","        if (local.modeJs === 'browser') {","            local.global.utility2_npmtest_tapable = local;","        } else {","            module.exports = local;","            module.exports.__dirname = __dirname;","            module.exports.module = module;","        }","    }());","}());",""],"l":{"12":2,"14":2,"19":2,"21":2,"23":2,"24":2,"25":2,"30":1,"37":2,"41":2,"43":2,"45":2,"46":1,"48":1,"49":1,"50":1}},"/home/travis/build/npmtest/node-npmtest-tapable/example.js":{"path":"/home/travis/build/npmtest/node-npmtest-tapable/example.js","s":{"1":2,"2":2,"3":2,"4":2,"5":2,"6":2,"7":2,"8":1,"9":2,"10":2,"11":2,"12":2,"13":1,"14":2,"15":2,"16":2,"17":2,"18":2,"19":0,"20":2,"21":1,"22":1,"23":1,"24":1,"25":1,"26":0,"27":0,"28":1,"29":1,"30":2,"31":0,"32":0,"33":0,"34":1,"35":2,"36":2,"37":3,"38":3,"39":3,"40":3,"41":0,"42":3,"43":3,"44":3,"45":1,"46":3,"47":1,"48":1,"49":1,"50":1,"51":1,"52":1,"53":1,"54":1,"55":1,"56":1,"57":0,"58":1,"59":6,"60":6,"61":1,"62":2,"63":0,"64":2,"65":1,"66":1,"67":0,"68":0,"69":0,"70":0,"71":0,"72":0,"73":0,"74":0,"75":0,"76":0,"77":0,"78":0,"79":0,"80":0,"81":0,"82":0,"83":0},"b":{"1":[2,1,1,1],"2":[1,1,1,1],"3":[1,1],"4":[2,2],"5":[1,1],"6":[1,1],"7":[2,0],"8":[2,1,1,1,1,1],"9":[0,2,0],"10":[1,1],"11":[2,1,1],"12":[1,0],"13":[0,2],"14":[2,0,0,0,0,0,0],"15":[0,3],"16":[3,0],"17":[1,1],"18":[0,1],"19":[1,2,0,2],"20":[1,0],"21":[1,1],"22":[0,0],"23":[0,0],"24":[0,0],"25":[0,0],"26":[0,0],"27":[0,0],"28":[0,0]},"f":{"1":2,"2":2,"3":2,"4":2,"5":2,"6":2,"7":3,"8":3,"9":3,"10":1,"11":6,"12":0},"fnMap":{"1":{"name":"(anonymous_1)","line":26,"loc":{"start":{"line":26,"column":1},"end":{"line":26,"column":13}}},"2":{"name":"(anonymous_2)","line":33,"loc":{"start":{"line":33,"column":5},"end":{"line":33,"column":17}}},"3":{"name":"(anonymous_3)","line":37,"loc":{"start":{"line":37,"column":24},"end":{"line":37,"column":36}}},"4":{"name":"(anonymous_4)","line":69,"loc":{"start":{"line":69,"column":31},"end":{"line":69,"column":48}},"skip":true},"5":{"name":"(anonymous_5)","line":78,"loc":{"start":{"line":78,"column":26},"end":{"line":78,"column":45}},"skip":true},"6":{"name":"(anonymous_6)","line":123,"loc":{"start":{"line":123,"column":33},"end":{"line":123,"column":48}},"skip":true},"7":{"name":"(anonymous_7)","line":125,"loc":{"start":{"line":125,"column":27},"end":{"line":125,"column":39}},"skip":true},"8":{"name":"(anonymous_8)","line":133,"loc":{"start":{"line":133,"column":59},"end":{"line":133,"column":74}},"skip":true},"9":{"name":"(anonymous_9)","line":143,"loc":{"start":{"line":143,"column":45},"end":{"line":143,"column":62}},"skip":true},"10":{"name":"(anonymous_10)","line":144,"loc":{"start":{"line":144,"column":73},"end":{"line":144,"column":92}},"skip":true},"11":{"name":"(anonymous_11)","line":272,"loc":{"start":{"line":272,"column":51},"end":{"line":272,"column":77}},"skip":true},"12":{"name":"(anonymous_12)","line":315,"loc":{"start":{"line":315,"column":32},"end":{"line":315,"column":61}},"skip":true}},"statementMap":{"1":{"start":{"line":26,"column":0},"end":{"line":326,"column":5}},"2":{"start":{"line":28,"column":4},"end":{"line":28,"column":14}},"3":{"start":{"line":33,"column":4},"end":{"line":60,"column":9}},"4":{"start":{"line":35,"column":8},"end":{"line":35,"column":19}},"5":{"start":{"line":37,"column":8},"end":{"line":49,"column":13}},"6":{"start":{"line":38,"column":12},"end":{"line":48,"column":13}},"7":{"start":{"line":39,"column":16},"end":{"line":42,"column":30}},"8":{"start":{"line":44,"column":16},"end":{"line":47,"column":27}},"9":{"start":{"line":51,"column":8},"end":{"line":53,"column":21}},"10":{"start":{"line":55,"column":8},"end":{"line":57,"column":45}},"11":{"start":{"line":59,"column":8},"end":{"line":59,"column":35}},"12":{"start":{"line":61,"column":4},"end":{"line":325,"column":5}},"13":{"start":{"line":69,"column":8},"end":{"line":121,"column":10},"skip":true},"14":{"start":{"line":70,"column":12},"end":{"line":88,"column":13},"skip":true},"15":{"start":{"line":76,"column":16},"end":{"line":87,"column":19},"skip":true},"16":{"start":{"line":79,"column":20},"end":{"line":86,"column":21},"skip":true},"17":{"start":{"line":82,"column":24},"end":{"line":82,"column":43},"skip":true},"18":{"start":{"line":83,"column":24},"end":{"line":83,"column":30},"skip":true},"19":{"start":{"line":85,"column":24},"end":{"line":85,"column":49},"skip":true},"20":{"start":{"line":89,"column":12},"end":{"line":107,"column":13},"skip":true},"21":{"start":{"line":92,"column":16},"end":{"line":102,"column":17},"skip":true},"22":{"start":{"line":93,"column":20},"end":{"line":93,"column":86},"skip":true},"23":{"start":{"line":94,"column":20},"end":{"line":95,"column":45},"skip":true},"24":{"start":{"line":96,"column":20},"end":{"line":96,"column":42},"skip":true},"25":{"start":{"line":97,"column":20},"end":{"line":97,"column":48},"skip":true},"26":{"start":{"line":100,"column":20},"end":{"line":100,"column":85},"skip":true},"27":{"start":{"line":101,"column":20},"end":{"line":101,"column":96},"skip":true},"28":{"start":{"line":103,"column":16},"end":{"line":103,"column":22},"skip":true},"29":{"start":{"line":106,"column":16},"end":{"line":106,"column":22},"skip":true},"30":{"start":{"line":108,"column":12},"end":{"line":120,"column":13},"skip":true},"31":{"start":{"line":114,"column":16},"end":{"line":119,"column":17},"skip":true},"32":{"start":{"line":116,"column":20},"end":{"line":116,"column":78},"skip":true},"33":{"start":{"line":118,"column":20},"end":{"line":118,"column":47},"skip":true},"34":{"start":{"line":123,"column":8},"end":{"line":141,"column":11},"skip":true},"35":{"start":{"line":124,"column":12},"end":{"line":124,"column":54},"skip":true},"36":{"start":{"line":125,"column":12},"end":{"line":140,"column":14},"skip":true},"37":{"start":{"line":126,"column":16},"end":{"line":126,"column":28},"skip":true},"38":{"start":{"line":127,"column":16},"end":{"line":127,"column":69},"skip":true},"39":{"start":{"line":128,"column":16},"end":{"line":128,"column":75},"skip":true},"40":{"start":{"line":129,"column":16},"end":{"line":131,"column":17},"skip":true},"41":{"start":{"line":130,"column":20},"end":{"line":130,"column":27},"skip":true},"42":{"start":{"line":133,"column":16},"end":{"line":137,"column":36},"skip":true},"43":{"start":{"line":134,"column":20},"end":{"line":136,"column":55},"skip":true},"44":{"start":{"line":139,"column":16},"end":{"line":139,"column":57},"skip":true},"45":{"start":{"line":143,"column":8},"end":{"line":147,"column":11},"skip":true},"46":{"start":{"line":144,"column":12},"end":{"line":146,"column":15},"skip":true},"47":{"start":{"line":145,"column":16},"end":{"line":145,"column":70},"skip":true},"48":{"start":{"line":149,"column":8},"end":{"line":149,"column":31},"skip":true},"49":{"start":{"line":150,"column":8},"end":{"line":150,"column":14},"skip":true},"50":{"start":{"line":158,"column":8},"end":{"line":158,"column":31},"skip":true},"51":{"start":{"line":160,"column":8},"end":{"line":160,"column":33},"skip":true},"52":{"start":{"line":161,"column":8},"end":{"line":161,"column":37},"skip":true},"53":{"start":{"line":162,"column":8},"end":{"line":162,"column":35},"skip":true},"54":{"start":{"line":164,"column":8},"end":{"line":164,"column":50},"skip":true},"55":{"start":{"line":166,"column":8},"end":{"line":256,"column":2},"skip":true},"56":{"start":{"line":258,"column":8},"end":{"line":286,"column":9},"skip":true},"57":{"start":{"line":259,"column":12},"end":{"line":269,"column":14},"skip":true},"58":{"start":{"line":271,"column":12},"end":{"line":285,"column":19},"skip":true},"59":{"start":{"line":274,"column":20},"end":{"line":274,"column":35},"skip":true},"60":{"start":{"line":275,"column":20},"end":{"line":284,"column":21},"skip":true},"61":{"start":{"line":277,"column":24},"end":{"line":277,"column":64},"skip":true},"62":{"start":{"line":279,"column":24},"end":{"line":279,"column":40},"skip":true},"63":{"start":{"line":281,"column":24},"end":{"line":281,"column":40},"skip":true},"64":{"start":{"line":283,"column":24},"end":{"line":283,"column":39},"skip":true},"65":{"start":{"line":288,"column":8},"end":{"line":290,"column":9},"skip":true},"66":{"start":{"line":289,"column":12},"end":{"line":289,"column":18},"skip":true},"67":{"start":{"line":291,"column":8},"end":{"line":293,"column":54},"skip":true},"68":{"start":{"line":296,"column":8},"end":{"line":301,"column":37},"skip":true},"69":{"start":{"line":303,"column":8},"end":{"line":303,"column":82},"skip":true},"70":{"start":{"line":306,"column":8},"end":{"line":308,"column":9},"skip":true},"71":{"start":{"line":307,"column":12},"end":{"line":307,"column":82},"skip":true},"72":{"start":{"line":310,"column":8},"end":{"line":312,"column":9},"skip":true},"73":{"start":{"line":311,"column":12},"end":{"line":311,"column":18},"skip":true},"74":{"start":{"line":313,"column":8},"end":{"line":313,"column":54},"skip":true},"75":{"start":{"line":314,"column":8},"end":{"line":314,"column":69},"skip":true},"76":{"start":{"line":315,"column":8},"end":{"line":323,"column":36},"skip":true},"77":{"start":{"line":316,"column":12},"end":{"line":316,"column":61},"skip":true},"78":{"start":{"line":317,"column":12},"end":{"line":320,"column":13},"skip":true},"79":{"start":{"line":318,"column":16},"end":{"line":318,"column":75},"skip":true},"80":{"start":{"line":319,"column":16},"end":{"line":319,"column":23},"skip":true},"81":{"start":{"line":321,"column":12},"end":{"line":321,"column":38},"skip":true},"82":{"start":{"line":322,"column":12},"end":{"line":322,"column":27},"skip":true},"83":{"start":{"line":324,"column":8},"end":{"line":324,"column":14},"skip":true}},"branchMap":{"1":{"line":39,"type":"binary-expr","locations":[{"start":{"line":39,"column":23},"end":{"line":39,"column":62}},{"start":{"line":40,"column":20},"end":{"line":40,"column":70}},{"start":{"line":41,"column":20},"end":{"line":41,"column":71}},{"start":{"line":42,"column":20},"end":{"line":42,"column":29}}]},"2":{"line":44,"type":"binary-expr","locations":[{"start":{"line":44,"column":23},"end":{"line":44,"column":37}},{"start":{"line":45,"column":20},"end":{"line":45,"column":61}},{"start":{"line":46,"column":20},"end":{"line":46,"column":70}},{"start":{"line":47,"column":20},"end":{"line":47,"column":26}}]},"3":{"line":51,"type":"cond-expr","locations":[{"start":{"line":52,"column":14},"end":{"line":52,"column":20}},{"start":{"line":53,"column":14},"end":{"line":53,"column":20}}]},"4":{"line":55,"type":"binary-expr","locations":[{"start":{"line":55,"column":16},"end":{"line":55,"column":44}},{"start":{"line":55,"column":49},"end":{"line":57,"column":43}}]},"5":{"line":55,"type":"cond-expr","locations":[{"start":{"line":56,"column":14},"end":{"line":56,"column":51}},{"start":{"line":57,"column":14},"end":{"line":57,"column":43}}]},"6":{"line":61,"type":"switch","locations":[{"start":{"line":68,"column":4},"end":{"line":150,"column":14},"skip":true},{"start":{"line":156,"column":4},"end":{"line":324,"column":14},"skip":true}]},"7":{"line":70,"type":"if","locations":[{"start":{"line":70,"column":12},"end":{"line":70,"column":12},"skip":true},{"start":{"line":70,"column":12},"end":{"line":70,"column":12},"skip":true}]},"8":{"line":70,"type":"binary-expr","locations":[{"start":{"line":70,"column":16},"end":{"line":70,"column":22},"skip":true},{"start":{"line":70,"column":27},"end":{"line":70,"column":32},"skip":true},{"start":{"line":71,"column":20},"end":{"line":71,"column":39},"skip":true},{"start":{"line":72,"column":20},"end":{"line":72,"column":49},"skip":true},{"start":{"line":73,"column":20},"end":{"line":73,"column":58},"skip":true},{"start":{"line":74,"column":20},"end":{"line":74,"column":69},"skip":true}]},"9":{"line":79,"type":"switch","locations":[{"start":{"line":80,"column":20},"end":{"line":80,"column":33},"skip":true},{"start":{"line":81,"column":20},"end":{"line":83,"column":30},"skip":true},{"start":{"line":84,"column":20},"end":{"line":85,"column":49},"skip":true}]},"10":{"line":89,"type":"switch","locations":[{"start":{"line":90,"column":12},"end":{"line":103,"column":22},"skip":true},{"start":{"line":105,"column":12},"end":{"line":106,"column":22},"skip":true}]},"11":{"line":89,"type":"binary-expr","locations":[{"start":{"line":89,"column":20},"end":{"line":89,"column":25},"skip":true},{"start":{"line":89,"column":29},"end":{"line":89,"column":48},"skip":true},{"start":{"line":89,"column":52},"end":{"line":89,"column":74},"skip":true}]},"12":{"line":92,"type":"if","locations":[{"start":{"line":92,"column":16},"end":{"line":92,"column":16},"skip":true},{"start":{"line":92,"column":16},"end":{"line":92,"column":16},"skip":true}]},"13":{"line":108,"type":"if","locations":[{"start":{"line":108,"column":12},"end":{"line":108,"column":12},"skip":true},{"start":{"line":108,"column":12},"end":{"line":108,"column":12},"skip":true}]},"14":{"line":108,"type":"binary-expr","locations":[{"start":{"line":108,"column":16},"end":{"line":108,"column":61},"skip":true},{"start":{"line":108,"column":66},"end":{"line":108,"column":72},"skip":true},{"start":{"line":108,"column":77},"end":{"line":108,"column":82},"skip":true},{"start":{"line":109,"column":20},"end":{"line":109,"column":39},"skip":true},{"start":{"line":110,"column":20},"end":{"line":110,"column":49},"skip":true},{"start":{"line":111,"column":20},"end":{"line":111,"column":58},"skip":true},{"start":{"line":112,"column":20},"end":{"line":112,"column":68},"skip":true}]},"15":{"line":129,"type":"if","locations":[{"start":{"line":129,"column":16},"end":{"line":129,"column":16},"skip":true},{"start":{"line":129,"column":16},"end":{"line":129,"column":16},"skip":true}]},"16":{"line":134,"type":"cond-expr","locations":[{"start":{"line":135,"column":26},"end":{"line":135,"column":29},"skip":true},{"start":{"line":136,"column":26},"end":{"line":136,"column":54},"skip":true}]},"17":{"line":164,"type":"binary-expr","locations":[{"start":{"line":164,"column":27},"end":{"line":164,"column":43},"skip":true},{"start":{"line":164,"column":47},"end":{"line":164,"column":49},"skip":true}]},"18":{"line":258,"type":"if","locations":[{"start":{"line":258,"column":8},"end":{"line":258,"column":8},"skip":true},{"start":{"line":258,"column":8},"end":{"line":258,"column":8},"skip":true}]},"19":{"line":275,"type":"switch","locations":[{"start":{"line":276,"column":20},"end":{"line":277,"column":64},"skip":true},{"start":{"line":278,"column":20},"end":{"line":279,"column":40},"skip":true},{"start":{"line":280,"column":20},"end":{"line":281,"column":40},"skip":true},{"start":{"line":282,"column":20},"end":{"line":283,"column":39},"skip":true}]},"20":{"line":288,"type":"if","locations":[{"start":{"line":288,"column":8},"end":{"line":288,"column":8},"skip":true},{"start":{"line":288,"column":8},"end":{"line":288,"column":8},"skip":true}]},"21":{"line":288,"type":"binary-expr","locations":[{"start":{"line":288,"column":12},"end":{"line":288,"column":40},"skip":true},{"start":{"line":288,"column":44},"end":{"line":288,"column":67},"skip":true}]},"22":{"line":292,"type":"binary-expr","locations":[{"start":{"line":292,"column":12},"end":{"line":292,"column":50},"skip":true},{"start":{"line":293,"column":12},"end":{"line":293,"column":53},"skip":true}]},"23":{"line":297,"type":"binary-expr","locations":[{"start":{"line":297,"column":12},"end":{"line":297,"column":65},"skip":true},{"start":{"line":298,"column":12},"end":{"line":301,"column":36},"skip":true}]},"24":{"line":303,"type":"binary-expr","locations":[{"start":{"line":303,"column":43},"end":{"line":303,"column":75},"skip":true},{"start":{"line":303,"column":79},"end":{"line":303,"column":81},"skip":true}]},"25":{"line":306,"type":"if","locations":[{"start":{"line":306,"column":8},"end":{"line":306,"column":8},"skip":true},{"start":{"line":306,"column":8},"end":{"line":306,"column":8},"skip":true}]},"26":{"line":310,"type":"if","locations":[{"start":{"line":310,"column":8},"end":{"line":310,"column":8},"skip":true},{"start":{"line":310,"column":8},"end":{"line":310,"column":8},"skip":true}]},"27":{"line":313,"type":"binary-expr","locations":[{"start":{"line":313,"column":27},"end":{"line":313,"column":43},"skip":true},{"start":{"line":313,"column":47},"end":{"line":313,"column":53},"skip":true}]},"28":{"line":317,"type":"if","locations":[{"start":{"line":317,"column":12},"end":{"line":317,"column":12},"skip":true},{"start":{"line":317,"column":12},"end":{"line":317,"column":12},"skip":true}]}},"code":["/*","example.js","","quickstart example","","instruction","    1. save this script as example.js","    2. run the shell command:","        $ npm install npmtest-tapable && PORT=8081 node example.js","    3. play with the browser-demo on http://127.0.0.1:8081","*/","","","","/* istanbul instrument in package npmtest_tapable */","/*jslint","    bitwise: true,","    browser: true,","    maxerr: 8,","    maxlen: 96,","    node: true,","    nomen: true,","    regexp: true,","    stupid: true","*/","(function () {","    'use strict';","    var local;","","","","    // run shared js-env code - init-before","    (function () {","        // init local","        local = {};","        // init modeJs","        local.modeJs = (function () {","            try {","                return typeof navigator.userAgent === 'string' &&","                    typeof document.querySelector('body') === 'object' &&","                    typeof XMLHttpRequest.prototype.open === 'function' &&","                    'browser';","            } catch (errorCaughtBrowser) {","                return module.exports &&","                    typeof process.versions.node === 'string' &&","                    typeof require('http').createServer === 'function' &&","                    'node';","            }","        }());","        // init global","        local.global = local.modeJs === 'browser'","            ? window","            : global;","        // init utility2_rollup","        local = local.global.utility2_rollup || (local.modeJs === 'browser'","            ? local.global.utility2_npmtest_tapable","            : global.utility2_moduleExports);","        // export local","        local.global.local = local;","    }());","    switch (local.modeJs) {","","","","    // init-after","    // run browser js-env code - init-after","    /* istanbul ignore next */","    case 'browser':","        local.testRunBrowser = function (event) {","            if (!event || (event &&","                    event.currentTarget &&","                    event.currentTarget.className &&","                    event.currentTarget.className.includes &&","                    event.currentTarget.className.includes('onreset'))) {","                // reset output","                Array.from(","                    document.querySelectorAll('body > .resettable')","                ).forEach(function (element) {","                    switch (element.tagName) {","                    case 'INPUT':","                    case 'TEXTAREA':","                        element.value = '';","                        break;","                    default:","                        element.textContent = '';","                    }","                });","            }","            switch (event && event.currentTarget && event.currentTarget.id) {","            case 'testRunButton1':","                // show tests","                if (document.querySelector('#testReportDiv1').style.display === 'none') {","                    document.querySelector('#testReportDiv1').style.display = 'block';","                    document.querySelector('#testRunButton1').textContent =","                        'hide internal test';","                    local.modeTest = true;","                    local.testRunDefault(local);","                // hide tests","                } else {","                    document.querySelector('#testReportDiv1').style.display = 'none';","                    document.querySelector('#testRunButton1').textContent = 'run internal test';","                }","                break;","            // custom-case","            default:","                break;","            }","            if (document.querySelector('#inputTextareaEval1') && (!event || (event &&","                    event.currentTarget &&","                    event.currentTarget.className &&","                    event.currentTarget.className.includes &&","                    event.currentTarget.className.includes('oneval')))) {","                // try to eval input-code","                try {","                    /*jslint evil: true*/","                    eval(document.querySelector('#inputTextareaEval1').value);","                } catch (errorCaught) {","                    console.error(errorCaught);","                }","            }","        };","        // log stderr and stdout to #outputTextareaStdout1","        ['error', 'log'].forEach(function (key) {","            console[key + '_original'] = console[key];","            console[key] = function () {","                var element;","                console[key + '_original'].apply(console, arguments);","                element = document.querySelector('#outputTextareaStdout1');","                if (!element) {","                    return;","                }","                // append text to #outputTextareaStdout1","                element.value += Array.from(arguments).map(function (arg) {","                    return typeof arg === 'string'","                        ? arg","                        : JSON.stringify(arg, null, 4);","                }).join(' ') + '\\n';","                // scroll textarea to bottom","                element.scrollTop = element.scrollHeight;","            };","        });","        // init event-handling","        ['change', 'click', 'keyup'].forEach(function (event) {","            Array.from(document.querySelectorAll('.on' + event)).forEach(function (element) {","                element.addEventListener(event, local.testRunBrowser);","            });","        });","        // run tests","        local.testRunBrowser();","        break;","","","","    // run node js-env code - init-after","    /* istanbul ignore next */","    case 'node':","        // export local","        module.exports = local;","        // require modules","        local.fs = require('fs');","        local.http = require('http');","        local.url = require('url');","        // init assets","        local.assetsDict = local.assetsDict || {};","        /* jslint-ignore-begin */","        local.assetsDict['/assets.index.template.html'] = '\\","<!doctype html>\\n\\","<html lang=\"en\">\\n\\","<head>\\n\\","<meta charset=\"UTF-8\">\\n\\","<meta name=\"viewport\" content=\"width=device-width, initial-scale=1\">\\n\\","<title>{{env.npm_package_name}} (v{{env.npm_package_version}})</title>\\n\\","<style>\\n\\","/*csslint\\n\\","    box-sizing: false,\\n\\","    universal-selector: false\\n\\","*/\\n\\","* {\\n\\","    box-sizing: border-box;\\n\\","}\\n\\","body {\\n\\","    background: #dde;\\n\\","    font-family: Arial, Helvetica, sans-serif;\\n\\","    margin: 2rem;\\n\\","}\\n\\","body > * {\\n\\","    margin-bottom: 1rem;\\n\\","}\\n\\",".utility2FooterDiv {\\n\\","    margin-top: 20px;\\n\\","    text-align: center;\\n\\","}\\n\\","</style>\\n\\","<style>\\n\\","/*csslint\\n\\","*/\\n\\","textarea {\\n\\","    font-family: monospace;\\n\\","    height: 10rem;\\n\\","    width: 100%;\\n\\","}\\n\\","textarea[readonly] {\\n\\","    background: #ddd;\\n\\","}\\n\\","</style>\\n\\","</head>\\n\\","<body>\\n\\","<!-- utility2-comment\\n\\","<div id=\"ajaxProgressDiv1\" style=\"background: #d00; height: 2px; left: 0; margin: 0; padding: 0; position: fixed; top: 0; transition: background 0.5s, width 1.5s; width: 25%;\"></div>\\n\\","utility2-comment -->\\n\\","<h1>\\n\\","<!-- utility2-comment\\n\\","    <a\\n\\","        {{#if env.npm_package_homepage}}\\n\\","        href=\"{{env.npm_package_homepage}}\"\\n\\","        {{/if env.npm_package_homepage}}\\n\\","        target=\"_blank\"\\n\\","    >\\n\\","utility2-comment -->\\n\\","        {{env.npm_package_name}} (v{{env.npm_package_version}})\\n\\","<!-- utility2-comment\\n\\","    </a>\\n\\","utility2-comment -->\\n\\","</h1>\\n\\","<h3>{{env.npm_package_description}}</h3>\\n\\","<!-- utility2-comment\\n\\","<h4><a download href=\"assets.app.js\">download standalone app</a></h4>\\n\\","<button class=\"onclick onreset\" id=\"testRunButton1\">run internal test</button><br>\\n\\","<div id=\"testReportDiv1\" style=\"display: none;\"></div>\\n\\","utility2-comment -->\\n\\","\\n\\","\\n\\","\\n\\","<label>stderr and stdout</label>\\n\\","<textarea class=\"resettable\" id=\"outputTextareaStdout1\" readonly></textarea>\\n\\","<!-- utility2-comment\\n\\","{{#if isRollup}}\\n\\","<script src=\"assets.app.js\"></script>\\n\\","{{#unless isRollup}}\\n\\","utility2-comment -->\\n\\","<script src=\"assets.utility2.rollup.js\"></script>\\n\\","<script src=\"jsonp.utility2._stateInit?callback=window.utility2._stateInit\"></script>\\n\\","<script src=\"assets.npmtest_tapable.rollup.js\"></script>\\n\\","<script src=\"assets.example.js\"></script>\\n\\","<script src=\"assets.test.js\"></script>\\n\\","<!-- utility2-comment\\n\\","{{/if isRollup}}\\n\\","utility2-comment -->\\n\\","<div class=\"utility2FooterDiv\">\\n\\","    [ this app was created with\\n\\","    <a href=\"https://github.com/kaizhu256/node-utility2\" target=\"_blank\">utility2</a>\\n\\","    ]\\n\\","</div>\\n\\","</body>\\n\\","</html>\\n\\","';","        /* jslint-ignore-end */","        if (local.templateRender) {","            local.assetsDict['/'] = local.templateRender(","                local.assetsDict['/assets.index.template.html'],","                {","                    env: local.objectSetDefault(local.env, {","                        npm_package_description: 'the greatest app in the world!',","                        npm_package_name: 'my-app',","                        npm_package_nameAlias: 'my_app',","                        npm_package_version: '0.0.1'","                    })","                }","            );","        } else {","            local.assetsDict['/'] = local.assetsDict['/assets.index.template.html']","                .replace((/\\{\\{env\\.(\\w+?)\\}\\}/g), function (match0, match1) {","                    // jslint-hack","                    String(match0);","                    switch (match1) {","                    case 'npm_package_description':","                        return 'the greatest app in the world!';","                    case 'npm_package_name':","                        return 'my-app';","                    case 'npm_package_nameAlias':","                        return 'my_app';","                    case 'npm_package_version':","                        return '0.0.1';","                    }","                });","        }","        // run the cli","        if (local.global.utility2_rollup || module !== require.main) {","            break;","        }","        local.assetsDict['/assets.example.js'] =","            local.assetsDict['/assets.example.js'] ||","            local.fs.readFileSync(__filename, 'utf8');","        // bug-workaround - long $npm_package_buildCustomOrg","        /* jslint-ignore-begin */","        local.assetsDict['/assets.npmtest_tapable.rollup.js'] =","            local.assetsDict['/assets.npmtest_tapable.rollup.js'] ||","            local.fs.readFileSync(","                local.npmtest_tapable.__dirname + '/lib.npmtest_tapable.js',","                'utf8'","            ).replace((/^#!/), '//');","        /* jslint-ignore-end */","        local.assetsDict['/favicon.ico'] = local.assetsDict['/favicon.ico'] || '';","        // if $npm_config_timeout_exit exists,","        // then exit this process after $npm_config_timeout_exit ms","        if (Number(process.env.npm_config_timeout_exit)) {","            setTimeout(process.exit, Number(process.env.npm_config_timeout_exit));","        }","        // start server","        if (local.global.utility2_serverHttp1) {","            break;","        }","        process.env.PORT = process.env.PORT || '8081';","        console.error('server starting on port ' + process.env.PORT);","        local.http.createServer(function (request, response) {","            request.urlParsed = local.url.parse(request.url);","            if (local.assetsDict[request.urlParsed.pathname] !== undefined) {","                response.end(local.assetsDict[request.urlParsed.pathname]);","                return;","            }","            response.statusCode = 404;","            response.end();","        }).listen(process.env.PORT);","        break;","    }","}());",""],"l":{"26":2,"28":2,"33":2,"35":2,"37":2,"38":2,"39":2,"44":1,"51":2,"55":2,"59":2,"61":2,"69":1,"70":2,"76":2,"79":2,"82":2,"83":2,"85":1,"89":2,"92":1,"93":1,"94":1,"96":1,"97":1,"100":1,"101":1,"103":1,"106":1,"108":2,"114":1,"116":1,"118":1,"123":1,"124":2,"125":2,"126":3,"127":3,"128":3,"129":3,"130":1,"133":3,"134":3,"139":3,"143":1,"144":3,"145":1,"149":1,"150":1,"158":1,"160":1,"161":1,"162":1,"164":1,"166":1,"258":1,"259":1,"271":1,"274":6,"275":6,"277":1,"279":2,"281":1,"283":2,"288":1,"289":1,"291":1,"296":1,"303":1,"306":1,"307":1,"310":1,"311":1,"313":1,"314":1,"315":1,"316":1,"317":1,"318":1,"319":1,"321":1,"322":1,"324":1}},"/home/travis/build/npmtest/node-npmtest-tapable/node_modules/tapable/lib/Tapable.js":{"path":"/home/travis/build/npmtest/node-npmtest-tapable/node_modules/tapable/lib/Tapable.js","s":{"1":1,"2":0,"3":0,"4":0,"5":0,"6":0,"7":0,"8":0,"9":0,"10":0,"11":0,"12":0,"13":0,"14":0,"15":0,"16":1,"17":0,"18":1,"19":1,"20":0,"21":0,"22":0,"23":1,"24":0,"25":1,"26":0,"27":0,"28":0,"29":0,"30":0,"31":0,"32":1,"33":0,"34":0,"35":0,"36":0,"37":0,"38":1,"39":0,"40":0,"41":0,"42":0,"43":0,"44":1,"45":0,"46":0,"47":0,"48":0,"49":0,"50":1,"51":0,"52":0,"53":0,"54":0,"55":0,"56":0,"57":0,"58":0,"59":1,"60":0,"61":0,"62":0,"63":0,"64":0,"65":0,"66":0,"67":1,"68":0,"69":0,"70":0,"71":0,"72":0,"73":0,"74":0,"75":0,"76":1,"77":0,"78":0,"79":0,"80":0,"81":0,"82":0,"83":0,"84":1,"85":0,"86":0,"87":0,"88":0,"89":0,"90":0,"91":0,"92":0,"93":0,"94":0,"95":0,"96":0,"97":0,"98":0,"99":0,"100":1,"101":0,"102":0,"103":0,"104":0,"105":0,"106":0,"107":0,"108":0,"109":0,"110":0,"111":0,"112":0,"113":0,"114":1,"115":0,"116":0,"117":0,"118":0,"119":0,"120":0,"121":0,"122":0,"123":0,"124":0,"125":0,"126":0,"127":0,"128":0,"129":0,"130":1,"131":0,"132":0,"133":0,"134":0,"135":0,"136":0,"137":0,"138":0,"139":0,"140":0,"141":0,"142":0,"143":0,"144":1,"145":0,"146":0,"147":0,"148":0,"149":0,"150":0,"151":0,"152":0,"153":0,"154":0,"155":0,"156":0,"157":0,"158":1,"159":0,"160":0,"161":0,"162":0,"163":0,"164":0,"165":0,"166":0,"167":0,"168":0,"169":0,"170":0,"171":0,"172":0,"173":0,"174":0,"175":0,"176":0,"177":0,"178":1,"179":0,"180":0,"181":0,"182":0,"183":0,"184":0,"185":0,"186":0,"187":0,"188":0,"189":0,"190":0,"191":0,"192":0,"193":0,"194":0,"195":0,"196":0,"197":0,"198":0,"199":0,"200":0,"201":0,"202":1,"203":0,"204":0,"205":0,"206":0,"207":0,"208":0,"209":0,"210":0,"211":0,"212":0,"213":0,"214":0,"215":0,"216":0,"217":0,"218":0,"219":0,"220":0,"221":0,"222":0,"223":0,"224":1,"225":0,"226":0,"227":0,"228":0,"229":0,"230":0,"231":0,"232":1,"233":0,"234":0},"b":{"1":[0,0],"2":[0,0],"3":[0,0],"4":[0,0],"5":[0,0],"6":[0,0],"7":[0,0],"8":[0,0],"9":[0,0],"10":[0,0],"11":[0,0],"12":[0,0],"13":[0,0],"14":[0,0],"15":[0,0],"16":[0,0],"17":[0,0],"18":[0,0],"19":[0,0],"20":[0,0],"21":[0,0],"22":[0,0],"23":[0,0],"24":[0,0],"25":[0,0],"26":[0,0],"27":[0,0],"28":[0,0],"29":[0,0],"30":[0,0],"31":[0,0],"32":[0,0],"33":[0,0],"34":[0,0],"35":[0,0],"36":[0,0],"37":[0,0],"38":[0,0],"39":[0,0],"40":[0,0],"41":[0,0],"42":[0,0],"43":[0,0],"44":[0,0],"45":[0,0],"46":[0,0],"47":[0,0],"48":[0,0],"49":[0,0],"50":[0,0],"51":[0,0],"52":[0,0],"53":[0,0],"54":[0,0]},"f":{"1":0,"2":0,"3":0,"4":0,"5":0,"6":0,"7":0,"8":0,"9":0,"10":0,"11":0,"12":0,"13":0,"14":0,"15":0,"16":0,"17":0,"18":0,"19":0,"20":0,"21":0,"22":0,"23":0,"24":0,"25":0,"26":0,"27":0,"28":0,"29":0,"30":0,"31":0,"32":0,"33":0,"34":0,"35":0},"fnMap":{"1":{"name":"fastFilter","line":8,"loc":{"start":{"line":8,"column":0},"end":{"line":8,"column":38}}},"2":{"name":"Tapable","line":41,"loc":{"start":{"line":41,"column":0},"end":{"line":41,"column":19}}},"3":{"name":"copyProperties","line":46,"loc":{"start":{"line":46,"column":0},"end":{"line":46,"column":34}}},"4":{"name":"mixinTapable","line":52,"loc":{"start":{"line":52,"column":16},"end":{"line":52,"column":42}}},"5":{"name":"applyPlugins","line":56,"loc":{"start":{"line":56,"column":33},"end":{"line":56,"column":61}}},"6":{"name":"applyPlugins0","line":64,"loc":{"start":{"line":64,"column":34},"end":{"line":64,"column":63}}},"7":{"name":"applyPlugins1","line":71,"loc":{"start":{"line":71,"column":34},"end":{"line":71,"column":70}}},"8":{"name":"applyPlugins2","line":78,"loc":{"start":{"line":78,"column":34},"end":{"line":78,"column":79}}},"9":{"name":"applyPluginsWaterfall","line":85,"loc":{"start":{"line":85,"column":42},"end":{"line":85,"column":85}}},"10":{"name":"applyPluginsWaterfall0","line":95,"loc":{"start":{"line":95,"column":43},"end":{"line":95,"column":87}}},"11":{"name":"applyPluginsBailResult","line":104,"loc":{"start":{"line":104,"column":43},"end":{"line":104,"column":81}}},"12":{"name":"applyPluginsBailResult1","line":116,"loc":{"start":{"line":116,"column":44},"end":{"line":116,"column":90}}},"13":{"name":"applyPluginsAsyncSeries","line":127,"loc":{"start":{"line":127,"column":82},"end":{"line":127,"column":121}}},"14":{"name":"next","line":134,"loc":{"start":{"line":134,"column":36},"end":{"line":134,"column":55}}},"15":{"name":"applyPluginsAsyncSeries1","line":145,"loc":{"start":{"line":145,"column":45},"end":{"line":145,"column":102}}},"16":{"name":"next","line":150,"loc":{"start":{"line":150,"column":46},"end":{"line":150,"column":65}}},"17":{"name":"applyPluginsAsyncSeriesBailResult","line":161,"loc":{"start":{"line":161,"column":54},"end":{"line":161,"column":103}}},"18":{"name":"next","line":168,"loc":{"start":{"line":168,"column":36},"end":{"line":168,"column":52}}},"19":{"name":"applyPluginsAsyncSeriesBailResult1","line":179,"loc":{"start":{"line":179,"column":55},"end":{"line":179,"column":122}}},"20":{"name":"next","line":184,"loc":{"start":{"line":184,"column":46},"end":{"line":184,"column":73}}},"21":{"name":"applyPluginsAsyncWaterfall","line":195,"loc":{"start":{"line":195,"column":47},"end":{"line":195,"column":105}}},"22":{"name":"(anonymous_22)","line":200,"loc":{"start":{"line":200,"column":37},"end":{"line":200,"column":58}}},"23":{"name":"applyPluginsParallel","line":211,"loc":{"start":{"line":211,"column":41},"end":{"line":211,"column":77}}},"24":{"name":"(anonymous_24)","line":217,"loc":{"start":{"line":217,"column":36},"end":{"line":217,"column":50}}},"25":{"name":"applyPluginsParallelBailResult","line":234,"loc":{"start":{"line":234,"column":51},"end":{"line":234,"column":97}}},"26":{"name":"(anonymous_26)","line":243,"loc":{"start":{"line":243,"column":27},"end":{"line":243,"column":39}}},"27":{"name":"(anonymous_27)","line":244,"loc":{"start":{"line":244,"column":35},"end":{"line":244,"column":46}}},"28":{"name":"(anonymous_28)","line":249,"loc":{"start":{"line":249,"column":34},"end":{"line":249,"column":49}}},"29":{"name":"applyPluginsParallelBailResult1","line":264,"loc":{"start":{"line":264,"column":52},"end":{"line":264,"column":116}}},"30":{"name":"(anonymous_30)","line":271,"loc":{"start":{"line":271,"column":23},"end":{"line":271,"column":35}}},"31":{"name":"(anonymous_31)","line":272,"loc":{"start":{"line":272,"column":35},"end":{"line":272,"column":46}}},"32":{"name":"(anonymous_32)","line":277,"loc":{"start":{"line":277,"column":34},"end":{"line":277,"column":49}}},"33":{"name":"plugin","line":293,"loc":{"start":{"line":293,"column":27},"end":{"line":293,"column":53}}},"34":{"name":"(anonymous_34)","line":295,"loc":{"start":{"line":295,"column":15},"end":{"line":295,"column":30}}},"35":{"name":"apply","line":304,"loc":{"start":{"line":304,"column":26},"end":{"line":304,"column":43}}}},"statementMap":{"1":{"start":{"line":8,"column":0},"end":{"line":39,"column":1}},"2":{"start":{"line":11,"column":1},"end":{"line":13,"column":2}},"3":{"start":{"line":12,"column":2},"end":{"line":12,"column":24}},"4":{"start":{"line":15,"column":1},"end":{"line":15,"column":22}},"5":{"start":{"line":16,"column":1},"end":{"line":16,"column":26}},"6":{"start":{"line":17,"column":1},"end":{"line":19,"column":2}},"7":{"start":{"line":18,"column":2},"end":{"line":18,"column":24}},"8":{"start":{"line":21,"column":1},"end":{"line":21,"column":14}},"9":{"start":{"line":22,"column":1},"end":{"line":22,"column":61}},"10":{"start":{"line":23,"column":1},"end":{"line":36,"column":2}},"11":{"start":{"line":24,"column":2},"end":{"line":35,"column":3}},"12":{"start":{"line":25,"column":3},"end":{"line":25,"column":18}},"13":{"start":{"line":32,"column":3},"end":{"line":34,"column":4}},"14":{"start":{"line":33,"column":4},"end":{"line":33,"column":18}},"15":{"start":{"line":38,"column":1},"end":{"line":38,"column":12}},"16":{"start":{"line":41,"column":0},"end":{"line":43,"column":1}},"17":{"start":{"line":42,"column":1},"end":{"line":42,"column":20}},"18":{"start":{"line":44,"column":0},"end":{"line":44,"column":25}},"19":{"start":{"line":46,"column":0},"end":{"line":50,"column":1}},"20":{"start":{"line":47,"column":1},"end":{"line":48,"column":22}},"21":{"start":{"line":48,"column":2},"end":{"line":48,"column":22}},"22":{"start":{"line":49,"column":1},"end":{"line":49,"column":11}},"23":{"start":{"line":52,"column":0},"end":{"line":54,"column":2}},"24":{"start":{"line":53,"column":1},"end":{"line":53,"column":39}},"25":{"start":{"line":56,"column":0},"end":{"line":62,"column":2}},"26":{"start":{"line":57,"column":1},"end":{"line":57,"column":33}},"27":{"start":{"line":57,"column":26},"end":{"line":57,"column":33}},"28":{"start":{"line":58,"column":1},"end":{"line":58,"column":53}},"29":{"start":{"line":59,"column":1},"end":{"line":59,"column":35}},"30":{"start":{"line":60,"column":1},"end":{"line":61,"column":31}},"31":{"start":{"line":61,"column":2},"end":{"line":61,"column":31}},"32":{"start":{"line":64,"column":0},"end":{"line":69,"column":2}},"33":{"start":{"line":65,"column":1},"end":{"line":65,"column":35}},"34":{"start":{"line":66,"column":1},"end":{"line":66,"column":21}},"35":{"start":{"line":66,"column":14},"end":{"line":66,"column":21}},"36":{"start":{"line":67,"column":1},"end":{"line":68,"column":24}},"37":{"start":{"line":68,"column":2},"end":{"line":68,"column":24}},"38":{"start":{"line":71,"column":0},"end":{"line":76,"column":2}},"39":{"start":{"line":72,"column":1},"end":{"line":72,"column":35}},"40":{"start":{"line":73,"column":1},"end":{"line":73,"column":21}},"41":{"start":{"line":73,"column":14},"end":{"line":73,"column":21}},"42":{"start":{"line":74,"column":1},"end":{"line":75,"column":31}},"43":{"start":{"line":75,"column":2},"end":{"line":75,"column":31}},"44":{"start":{"line":78,"column":0},"end":{"line":83,"column":2}},"45":{"start":{"line":79,"column":1},"end":{"line":79,"column":35}},"46":{"start":{"line":80,"column":1},"end":{"line":80,"column":21}},"47":{"start":{"line":80,"column":14},"end":{"line":80,"column":21}},"48":{"start":{"line":81,"column":1},"end":{"line":82,"column":40}},"49":{"start":{"line":82,"column":2},"end":{"line":82,"column":40}},"50":{"start":{"line":85,"column":0},"end":{"line":93,"column":2}},"51":{"start":{"line":86,"column":1},"end":{"line":86,"column":38}},"52":{"start":{"line":86,"column":26},"end":{"line":86,"column":38}},"53":{"start":{"line":87,"column":1},"end":{"line":87,"column":53}},"54":{"start":{"line":88,"column":1},"end":{"line":88,"column":35}},"55":{"start":{"line":89,"column":1},"end":{"line":89,"column":20}},"56":{"start":{"line":90,"column":1},"end":{"line":91,"column":59}},"57":{"start":{"line":91,"column":2},"end":{"line":91,"column":59}},"58":{"start":{"line":92,"column":1},"end":{"line":92,"column":16}},"59":{"start":{"line":95,"column":0},"end":{"line":102,"column":2}},"60":{"start":{"line":96,"column":1},"end":{"line":96,"column":35}},"61":{"start":{"line":97,"column":1},"end":{"line":97,"column":26}},"62":{"start":{"line":97,"column":14},"end":{"line":97,"column":26}},"63":{"start":{"line":98,"column":1},"end":{"line":98,"column":20}},"64":{"start":{"line":99,"column":1},"end":{"line":100,"column":43}},"65":{"start":{"line":100,"column":2},"end":{"line":100,"column":43}},"66":{"start":{"line":101,"column":1},"end":{"line":101,"column":16}},"67":{"start":{"line":104,"column":0},"end":{"line":114,"column":2}},"68":{"start":{"line":105,"column":1},"end":{"line":105,"column":33}},"69":{"start":{"line":105,"column":26},"end":{"line":105,"column":33}},"70":{"start":{"line":106,"column":1},"end":{"line":106,"column":53}},"71":{"start":{"line":107,"column":1},"end":{"line":107,"column":35}},"72":{"start":{"line":108,"column":1},"end":{"line":113,"column":2}},"73":{"start":{"line":109,"column":2},"end":{"line":109,"column":44}},"74":{"start":{"line":110,"column":2},"end":{"line":112,"column":3}},"75":{"start":{"line":111,"column":3},"end":{"line":111,"column":17}},"76":{"start":{"line":116,"column":0},"end":{"line":125,"column":2}},"77":{"start":{"line":117,"column":1},"end":{"line":117,"column":33}},"78":{"start":{"line":117,"column":26},"end":{"line":117,"column":33}},"79":{"start":{"line":118,"column":1},"end":{"line":118,"column":35}},"80":{"start":{"line":119,"column":1},"end":{"line":124,"column":2}},"81":{"start":{"line":120,"column":2},"end":{"line":120,"column":44}},"82":{"start":{"line":121,"column":2},"end":{"line":123,"column":3}},"83":{"start":{"line":122,"column":3},"end":{"line":122,"column":17}},"84":{"start":{"line":127,"column":0},"end":{"line":143,"column":2}},"85":{"start":{"line":128,"column":1},"end":{"line":128,"column":53}},"86":{"start":{"line":129,"column":1},"end":{"line":129,"column":27}},"87":{"start":{"line":130,"column":1},"end":{"line":130,"column":35}},"88":{"start":{"line":131,"column":1},"end":{"line":131,"column":56}},"89":{"start":{"line":131,"column":38},"end":{"line":131,"column":56}},"90":{"start":{"line":132,"column":1},"end":{"line":132,"column":11}},"91":{"start":{"line":133,"column":1},"end":{"line":133,"column":18}},"92":{"start":{"line":134,"column":1},"end":{"line":141,"column":5}},"93":{"start":{"line":135,"column":2},"end":{"line":135,"column":31}},"94":{"start":{"line":135,"column":10},"end":{"line":135,"column":31}},"95":{"start":{"line":136,"column":2},"end":{"line":136,"column":6}},"96":{"start":{"line":137,"column":2},"end":{"line":139,"column":3}},"97":{"start":{"line":138,"column":3},"end":{"line":138,"column":21}},"98":{"start":{"line":140,"column":2},"end":{"line":140,"column":32}},"99":{"start":{"line":142,"column":1},"end":{"line":142,"column":30}},"100":{"start":{"line":145,"column":0},"end":{"line":159,"column":2}},"101":{"start":{"line":146,"column":1},"end":{"line":146,"column":35}},"102":{"start":{"line":147,"column":1},"end":{"line":147,"column":56}},"103":{"start":{"line":147,"column":38},"end":{"line":147,"column":56}},"104":{"start":{"line":148,"column":1},"end":{"line":148,"column":11}},"105":{"start":{"line":149,"column":1},"end":{"line":149,"column":18}},"106":{"start":{"line":150,"column":1},"end":{"line":157,"column":4}},"107":{"start":{"line":151,"column":2},"end":{"line":151,"column":31}},"108":{"start":{"line":151,"column":10},"end":{"line":151,"column":31}},"109":{"start":{"line":152,"column":2},"end":{"line":152,"column":6}},"110":{"start":{"line":153,"column":2},"end":{"line":155,"column":3}},"111":{"start":{"line":154,"column":3},"end":{"line":154,"column":21}},"112":{"start":{"line":156,"column":2},"end":{"line":156,"column":47}},"113":{"start":{"line":158,"column":1},"end":{"line":158,"column":45}},"114":{"start":{"line":161,"column":0},"end":{"line":177,"column":2}},"115":{"start":{"line":162,"column":1},"end":{"line":162,"column":53}},"116":{"start":{"line":163,"column":1},"end":{"line":163,"column":27}},"117":{"start":{"line":164,"column":1},"end":{"line":164,"column":80}},"118":{"start":{"line":164,"column":62},"end":{"line":164,"column":80}},"119":{"start":{"line":165,"column":1},"end":{"line":165,"column":35}},"120":{"start":{"line":166,"column":1},"end":{"line":166,"column":11}},"121":{"start":{"line":167,"column":1},"end":{"line":167,"column":18}},"122":{"start":{"line":168,"column":1},"end":{"line":175,"column":5}},"123":{"start":{"line":169,"column":2},"end":{"line":169,"column":66}},"124":{"start":{"line":169,"column":27},"end":{"line":169,"column":66}},"125":{"start":{"line":170,"column":2},"end":{"line":170,"column":6}},"126":{"start":{"line":171,"column":2},"end":{"line":173,"column":3}},"127":{"start":{"line":172,"column":3},"end":{"line":172,"column":21}},"128":{"start":{"line":174,"column":2},"end":{"line":174,"column":32}},"129":{"start":{"line":176,"column":1},"end":{"line":176,"column":30}},"130":{"start":{"line":179,"column":0},"end":{"line":193,"column":2}},"131":{"start":{"line":180,"column":1},"end":{"line":180,"column":35}},"132":{"start":{"line":181,"column":1},"end":{"line":181,"column":56}},"133":{"start":{"line":181,"column":38},"end":{"line":181,"column":56}},"134":{"start":{"line":182,"column":1},"end":{"line":182,"column":11}},"135":{"start":{"line":183,"column":1},"end":{"line":183,"column":18}},"136":{"start":{"line":184,"column":1},"end":{"line":191,"column":4}},"137":{"start":{"line":185,"column":2},"end":{"line":185,"column":56}},"138":{"start":{"line":185,"column":27},"end":{"line":185,"column":56}},"139":{"start":{"line":186,"column":2},"end":{"line":186,"column":6}},"140":{"start":{"line":187,"column":2},"end":{"line":189,"column":3}},"141":{"start":{"line":188,"column":3},"end":{"line":188,"column":21}},"142":{"start":{"line":190,"column":2},"end":{"line":190,"column":47}},"143":{"start":{"line":192,"column":1},"end":{"line":192,"column":45}},"144":{"start":{"line":195,"column":0},"end":{"line":209,"column":2}},"145":{"start":{"line":196,"column":1},"end":{"line":196,"column":90}},"146":{"start":{"line":196,"column":62},"end":{"line":196,"column":90}},"147":{"start":{"line":197,"column":1},"end":{"line":197,"column":35}},"148":{"start":{"line":198,"column":1},"end":{"line":198,"column":11}},"149":{"start":{"line":199,"column":1},"end":{"line":199,"column":18}},"150":{"start":{"line":200,"column":1},"end":{"line":207,"column":4}},"151":{"start":{"line":201,"column":2},"end":{"line":201,"column":31}},"152":{"start":{"line":201,"column":10},"end":{"line":201,"column":31}},"153":{"start":{"line":202,"column":2},"end":{"line":202,"column":6}},"154":{"start":{"line":203,"column":2},"end":{"line":205,"column":3}},"155":{"start":{"line":204,"column":3},"end":{"line":204,"column":32}},"156":{"start":{"line":206,"column":2},"end":{"line":206,"column":38}},"157":{"start":{"line":208,"column":1},"end":{"line":208,"column":35}},"158":{"start":{"line":211,"column":0},"end":{"line":232,"column":2}},"159":{"start":{"line":212,"column":1},"end":{"line":212,"column":53}},"160":{"start":{"line":213,"column":1},"end":{"line":213,"column":27}},"161":{"start":{"line":214,"column":1},"end":{"line":214,"column":80}},"162":{"start":{"line":214,"column":62},"end":{"line":214,"column":80}},"163":{"start":{"line":215,"column":1},"end":{"line":215,"column":35}},"164":{"start":{"line":216,"column":1},"end":{"line":216,"column":32}},"165":{"start":{"line":217,"column":1},"end":{"line":227,"column":5}},"166":{"start":{"line":218,"column":2},"end":{"line":218,"column":27}},"167":{"start":{"line":218,"column":20},"end":{"line":218,"column":27}},"168":{"start":{"line":219,"column":2},"end":{"line":222,"column":3}},"169":{"start":{"line":220,"column":3},"end":{"line":220,"column":18}},"170":{"start":{"line":221,"column":3},"end":{"line":221,"column":24}},"171":{"start":{"line":223,"column":2},"end":{"line":223,"column":14}},"172":{"start":{"line":224,"column":2},"end":{"line":226,"column":3}},"173":{"start":{"line":225,"column":3},"end":{"line":225,"column":21}},"174":{"start":{"line":228,"column":1},"end":{"line":231,"column":2}},"175":{"start":{"line":229,"column":2},"end":{"line":229,"column":31}},"176":{"start":{"line":230,"column":2},"end":{"line":230,"column":27}},"177":{"start":{"line":230,"column":20},"end":{"line":230,"column":27}},"178":{"start":{"line":234,"column":0},"end":{"line":262,"column":2}},"179":{"start":{"line":235,"column":1},"end":{"line":235,"column":53}},"180":{"start":{"line":236,"column":1},"end":{"line":236,"column":38}},"181":{"start":{"line":237,"column":1},"end":{"line":237,"column":80}},"182":{"start":{"line":237,"column":62},"end":{"line":237,"column":80}},"183":{"start":{"line":238,"column":1},"end":{"line":238,"column":35}},"184":{"start":{"line":239,"column":1},"end":{"line":239,"column":33}},"185":{"start":{"line":240,"column":1},"end":{"line":240,"column":19}},"186":{"start":{"line":241,"column":1},"end":{"line":241,"column":15}},"187":{"start":{"line":242,"column":1},"end":{"line":261,"column":2}},"188":{"start":{"line":243,"column":2},"end":{"line":259,"column":8}},"189":{"start":{"line":244,"column":3},"end":{"line":258,"column":6}},"190":{"start":{"line":245,"column":4},"end":{"line":245,"column":31}},"191":{"start":{"line":245,"column":24},"end":{"line":245,"column":31}},"192":{"start":{"line":246,"column":4},"end":{"line":246,"column":17}},"193":{"start":{"line":247,"column":4},"end":{"line":253,"column":5}},"194":{"start":{"line":248,"column":5},"end":{"line":248,"column":24}},"195":{"start":{"line":249,"column":5},"end":{"line":251,"column":8}},"196":{"start":{"line":250,"column":6},"end":{"line":250,"column":23}},"197":{"start":{"line":252,"column":5},"end":{"line":252,"column":59}},"198":{"start":{"line":254,"column":4},"end":{"line":257,"column":5}},"199":{"start":{"line":255,"column":5},"end":{"line":255,"column":41}},"200":{"start":{"line":256,"column":5},"end":{"line":256,"column":20}},"201":{"start":{"line":260,"column":2},"end":{"line":260,"column":31}},"202":{"start":{"line":264,"column":0},"end":{"line":290,"column":2}},"203":{"start":{"line":265,"column":1},"end":{"line":265,"column":35}},"204":{"start":{"line":266,"column":1},"end":{"line":266,"column":56}},"205":{"start":{"line":266,"column":38},"end":{"line":266,"column":56}},"206":{"start":{"line":267,"column":1},"end":{"line":267,"column":33}},"207":{"start":{"line":268,"column":1},"end":{"line":268,"column":19}},"208":{"start":{"line":269,"column":1},"end":{"line":269,"column":15}},"209":{"start":{"line":270,"column":1},"end":{"line":289,"column":2}},"210":{"start":{"line":271,"column":2},"end":{"line":287,"column":8}},"211":{"start":{"line":272,"column":3},"end":{"line":286,"column":6}},"212":{"start":{"line":273,"column":4},"end":{"line":273,"column":31}},"213":{"start":{"line":273,"column":24},"end":{"line":273,"column":31}},"214":{"start":{"line":274,"column":4},"end":{"line":274,"column":17}},"215":{"start":{"line":275,"column":4},"end":{"line":281,"column":5}},"216":{"start":{"line":276,"column":5},"end":{"line":276,"column":24}},"217":{"start":{"line":277,"column":5},"end":{"line":279,"column":8}},"218":{"start":{"line":278,"column":6},"end":{"line":278,"column":23}},"219":{"start":{"line":280,"column":5},"end":{"line":280,"column":59}},"220":{"start":{"line":282,"column":4},"end":{"line":285,"column":5}},"221":{"start":{"line":283,"column":5},"end":{"line":283,"column":41}},"222":{"start":{"line":284,"column":5},"end":{"line":284,"column":20}},"223":{"start":{"line":288,"column":2},"end":{"line":288,"column":46}},"224":{"start":{"line":293,"column":0},"end":{"line":302,"column":2}},"225":{"start":{"line":294,"column":1},"end":{"line":299,"column":2}},"226":{"start":{"line":295,"column":2},"end":{"line":297,"column":11}},"227":{"start":{"line":296,"column":3},"end":{"line":296,"column":25}},"228":{"start":{"line":298,"column":2},"end":{"line":298,"column":9}},"229":{"start":{"line":300,"column":1},"end":{"line":301,"column":35}},"230":{"start":{"line":300,"column":26},"end":{"line":300,"column":53}},"231":{"start":{"line":301,"column":6},"end":{"line":301,"column":35}},"232":{"start":{"line":304,"column":0},"end":{"line":308,"column":2}},"233":{"start":{"line":305,"column":1},"end":{"line":307,"column":2}},"234":{"start":{"line":306,"column":2},"end":{"line":306,"column":27}}},"branchMap":{"1":{"line":11,"type":"if","locations":[{"start":{"line":11,"column":1},"end":{"line":11,"column":1}},{"start":{"line":11,"column":1},"end":{"line":11,"column":1}}]},"2":{"line":11,"type":"binary-expr","locations":[{"start":{"line":11,"column":5},"end":{"line":11,"column":20}},{"start":{"line":11,"column":24},"end":{"line":11,"column":37}}]},"3":{"line":17,"type":"if","locations":[{"start":{"line":17,"column":1},"end":{"line":17,"column":1}},{"start":{"line":17,"column":1},"end":{"line":17,"column":1}}]},"4":{"line":22,"type":"cond-expr","locations":[{"start":{"line":22,"column":39},"end":{"line":22,"column":51}},{"start":{"line":22,"column":54},"end":{"line":22,"column":60}}]},"5":{"line":24,"type":"if","locations":[{"start":{"line":24,"column":2},"end":{"line":24,"column":2}},{"start":{"line":24,"column":2},"end":{"line":24,"column":2}}]},"6":{"line":32,"type":"if","locations":[{"start":{"line":32,"column":3},"end":{"line":32,"column":3}},{"start":{"line":32,"column":3},"end":{"line":32,"column":3}}]},"7":{"line":57,"type":"if","locations":[{"start":{"line":57,"column":1},"end":{"line":57,"column":1}},{"start":{"line":57,"column":1},"end":{"line":57,"column":1}}]},"8":{"line":66,"type":"if","locations":[{"start":{"line":66,"column":1},"end":{"line":66,"column":1}},{"start":{"line":66,"column":1},"end":{"line":66,"column":1}}]},"9":{"line":73,"type":"if","locations":[{"start":{"line":73,"column":1},"end":{"line":73,"column":1}},{"start":{"line":73,"column":1},"end":{"line":73,"column":1}}]},"10":{"line":80,"type":"if","locations":[{"start":{"line":80,"column":1},"end":{"line":80,"column":1}},{"start":{"line":80,"column":1},"end":{"line":80,"column":1}}]},"11":{"line":86,"type":"if","locations":[{"start":{"line":86,"column":1},"end":{"line":86,"column":1}},{"start":{"line":86,"column":1},"end":{"line":86,"column":1}}]},"12":{"line":97,"type":"if","locations":[{"start":{"line":97,"column":1},"end":{"line":97,"column":1}},{"start":{"line":97,"column":1},"end":{"line":97,"column":1}}]},"13":{"line":105,"type":"if","locations":[{"start":{"line":105,"column":1},"end":{"line":105,"column":1}},{"start":{"line":105,"column":1},"end":{"line":105,"column":1}}]},"14":{"line":110,"type":"if","locations":[{"start":{"line":110,"column":2},"end":{"line":110,"column":2}},{"start":{"line":110,"column":2},"end":{"line":110,"column":2}}]},"15":{"line":117,"type":"if","locations":[{"start":{"line":117,"column":1},"end":{"line":117,"column":1}},{"start":{"line":117,"column":1},"end":{"line":117,"column":1}}]},"16":{"line":121,"type":"if","locations":[{"start":{"line":121,"column":2},"end":{"line":121,"column":2}},{"start":{"line":121,"column":2},"end":{"line":121,"column":2}}]},"17":{"line":131,"type":"if","locations":[{"start":{"line":131,"column":1},"end":{"line":131,"column":1}},{"start":{"line":131,"column":1},"end":{"line":131,"column":1}}]},"18":{"line":131,"type":"binary-expr","locations":[{"start":{"line":131,"column":4},"end":{"line":131,"column":12}},{"start":{"line":131,"column":16},"end":{"line":131,"column":36}}]},"19":{"line":135,"type":"if","locations":[{"start":{"line":135,"column":2},"end":{"line":135,"column":2}},{"start":{"line":135,"column":2},"end":{"line":135,"column":2}}]},"20":{"line":137,"type":"if","locations":[{"start":{"line":137,"column":2},"end":{"line":137,"column":2}},{"start":{"line":137,"column":2},"end":{"line":137,"column":2}}]},"21":{"line":147,"type":"if","locations":[{"start":{"line":147,"column":1},"end":{"line":147,"column":1}},{"start":{"line":147,"column":1},"end":{"line":147,"column":1}}]},"22":{"line":147,"type":"binary-expr","locations":[{"start":{"line":147,"column":4},"end":{"line":147,"column":12}},{"start":{"line":147,"column":16},"end":{"line":147,"column":36}}]},"23":{"line":151,"type":"if","locations":[{"start":{"line":151,"column":2},"end":{"line":151,"column":2}},{"start":{"line":151,"column":2},"end":{"line":151,"column":2}}]},"24":{"line":153,"type":"if","locations":[{"start":{"line":153,"column":2},"end":{"line":153,"column":2}},{"start":{"line":153,"column":2},"end":{"line":153,"column":2}}]},"25":{"line":164,"type":"if","locations":[{"start":{"line":164,"column":1},"end":{"line":164,"column":1}},{"start":{"line":164,"column":1},"end":{"line":164,"column":1}}]},"26":{"line":164,"type":"binary-expr","locations":[{"start":{"line":164,"column":4},"end":{"line":164,"column":24}},{"start":{"line":164,"column":28},"end":{"line":164,"column":60}}]},"27":{"line":169,"type":"if","locations":[{"start":{"line":169,"column":2},"end":{"line":169,"column":2}},{"start":{"line":169,"column":2},"end":{"line":169,"column":2}}]},"28":{"line":171,"type":"if","locations":[{"start":{"line":171,"column":2},"end":{"line":171,"column":2}},{"start":{"line":171,"column":2},"end":{"line":171,"column":2}}]},"29":{"line":181,"type":"if","locations":[{"start":{"line":181,"column":1},"end":{"line":181,"column":1}},{"start":{"line":181,"column":1},"end":{"line":181,"column":1}}]},"30":{"line":181,"type":"binary-expr","locations":[{"start":{"line":181,"column":4},"end":{"line":181,"column":12}},{"start":{"line":181,"column":16},"end":{"line":181,"column":36}}]},"31":{"line":185,"type":"if","locations":[{"start":{"line":185,"column":2},"end":{"line":185,"column":2}},{"start":{"line":185,"column":2},"end":{"line":185,"column":2}}]},"32":{"line":187,"type":"if","locations":[{"start":{"line":187,"column":2},"end":{"line":187,"column":2}},{"start":{"line":187,"column":2},"end":{"line":187,"column":2}}]},"33":{"line":196,"type":"if","locations":[{"start":{"line":196,"column":1},"end":{"line":196,"column":1}},{"start":{"line":196,"column":1},"end":{"line":196,"column":1}}]},"34":{"line":196,"type":"binary-expr","locations":[{"start":{"line":196,"column":4},"end":{"line":196,"column":24}},{"start":{"line":196,"column":28},"end":{"line":196,"column":60}}]},"35":{"line":201,"type":"if","locations":[{"start":{"line":201,"column":2},"end":{"line":201,"column":2}},{"start":{"line":201,"column":2},"end":{"line":201,"column":2}}]},"36":{"line":203,"type":"if","locations":[{"start":{"line":203,"column":2},"end":{"line":203,"column":2}},{"start":{"line":203,"column":2},"end":{"line":203,"column":2}}]},"37":{"line":214,"type":"if","locations":[{"start":{"line":214,"column":1},"end":{"line":214,"column":1}},{"start":{"line":214,"column":1},"end":{"line":214,"column":1}}]},"38":{"line":214,"type":"binary-expr","locations":[{"start":{"line":214,"column":4},"end":{"line":214,"column":24}},{"start":{"line":214,"column":28},"end":{"line":214,"column":60}}]},"39":{"line":218,"type":"if","locations":[{"start":{"line":218,"column":2},"end":{"line":218,"column":2}},{"start":{"line":218,"column":2},"end":{"line":218,"column":2}}]},"40":{"line":219,"type":"if","locations":[{"start":{"line":219,"column":2},"end":{"line":219,"column":2}},{"start":{"line":219,"column":2},"end":{"line":219,"column":2}}]},"41":{"line":224,"type":"if","locations":[{"start":{"line":224,"column":2},"end":{"line":224,"column":2}},{"start":{"line":224,"column":2},"end":{"line":224,"column":2}}]},"42":{"line":230,"type":"if","locations":[{"start":{"line":230,"column":2},"end":{"line":230,"column":2}},{"start":{"line":230,"column":2},"end":{"line":230,"column":2}}]},"43":{"line":237,"type":"if","locations":[{"start":{"line":237,"column":1},"end":{"line":237,"column":1}},{"start":{"line":237,"column":1},"end":{"line":237,"column":1}}]},"44":{"line":237,"type":"binary-expr","locations":[{"start":{"line":237,"column":4},"end":{"line":237,"column":24}},{"start":{"line":237,"column":28},"end":{"line":237,"column":60}}]},"45":{"line":245,"type":"if","locations":[{"start":{"line":245,"column":4},"end":{"line":245,"column":4}},{"start":{"line":245,"column":4},"end":{"line":245,"column":4}}]},"46":{"line":247,"type":"if","locations":[{"start":{"line":247,"column":4},"end":{"line":247,"column":4}},{"start":{"line":247,"column":4},"end":{"line":247,"column":4}}]},"47":{"line":254,"type":"if","locations":[{"start":{"line":254,"column":4},"end":{"line":254,"column":4}},{"start":{"line":254,"column":4},"end":{"line":254,"column":4}}]},"48":{"line":266,"type":"if","locations":[{"start":{"line":266,"column":1},"end":{"line":266,"column":1}},{"start":{"line":266,"column":1},"end":{"line":266,"column":1}}]},"49":{"line":266,"type":"binary-expr","locations":[{"start":{"line":266,"column":4},"end":{"line":266,"column":12}},{"start":{"line":266,"column":16},"end":{"line":266,"column":36}}]},"50":{"line":273,"type":"if","locations":[{"start":{"line":273,"column":4},"end":{"line":273,"column":4}},{"start":{"line":273,"column":4},"end":{"line":273,"column":4}}]},"51":{"line":275,"type":"if","locations":[{"start":{"line":275,"column":4},"end":{"line":275,"column":4}},{"start":{"line":275,"column":4},"end":{"line":275,"column":4}}]},"52":{"line":282,"type":"if","locations":[{"start":{"line":282,"column":4},"end":{"line":282,"column":4}},{"start":{"line":282,"column":4},"end":{"line":282,"column":4}}]},"53":{"line":294,"type":"if","locations":[{"start":{"line":294,"column":1},"end":{"line":294,"column":1}},{"start":{"line":294,"column":1},"end":{"line":294,"column":1}}]},"54":{"line":300,"type":"if","locations":[{"start":{"line":300,"column":1},"end":{"line":300,"column":1}},{"start":{"line":300,"column":1},"end":{"line":300,"column":1}}]}},"code":["/*","\tMIT License http://www.opensource.org/licenses/mit-license.php","\tAuthor Tobias Koppers @sokra","*/","","// polyfill from https://developer.mozilla.org/en-US/docs/Web/JavaScript/Reference/Global_Objects/Array/filter","// using the polyfill specifically to avoid the call to `Object.defineProperty` for performance reasons","function fastFilter(fun/*, thisArg*/) {","\t'use strict';","","\tif (this === void 0 || this === null) {","\t\tthrow new TypeError();","\t}","","\tvar t = Object(this);","\tvar len = t.length >>> 0;","\tif (typeof fun !== 'function') {","\t\tthrow new TypeError();","\t}","","\tvar res = [];","\tvar thisArg = arguments.length >= 2 ? arguments[1] : void 0;","\tfor (var i = 0; i < len; i++) {","\t\tif (i in t) {","\t\t\tvar val = t[i];","","\t\t\t// NOTE: Technically this should Object.defineProperty at","\t\t\t//       the next index, as push can be affected by","\t\t\t//       properties on Object.prototype and Array.prototype.","\t\t\t//       But that method's new, and collisions should be","\t\t\t//       rare, so use the more-compatible alternative.","\t\t\tif (fun.call(thisArg, val, i, t)) {","\t\t\t\tres.push(val);","\t\t\t}","\t\t}","\t}","","\treturn res;","}","","function Tapable() {","\tthis._plugins = {};","}","module.exports = Tapable;","","function copyProperties(from, to) {","\tfor(var key in from)","\t\tto[key] = from[key];","\treturn to;","}","","Tapable.mixin = function mixinTapable(pt) {","\tcopyProperties(Tapable.prototype, pt);","};","","Tapable.prototype.applyPlugins = function applyPlugins(name) {","\tif(!this._plugins[name]) return;","\tvar args = Array.prototype.slice.call(arguments, 1);","\tvar plugins = this._plugins[name];","\tfor(var i = 0; i < plugins.length; i++)","\t\tplugins[i].apply(this, args);","};","","Tapable.prototype.applyPlugins0 = function applyPlugins0(name) {","\tvar plugins = this._plugins[name];","\tif(!plugins) return;","\tfor(var i = 0; i < plugins.length; i++)","\t\tplugins[i].call(this);","};","","Tapable.prototype.applyPlugins1 = function applyPlugins1(name, param) {","\tvar plugins = this._plugins[name];","\tif(!plugins) return;","\tfor(var i = 0; i < plugins.length; i++)","\t\tplugins[i].call(this, param);","};","","Tapable.prototype.applyPlugins2 = function applyPlugins2(name, param1, param2) {","\tvar plugins = this._plugins[name];","\tif(!plugins) return;","\tfor(var i = 0; i < plugins.length; i++)","\t\tplugins[i].call(this, param1, param2);","};","","Tapable.prototype.applyPluginsWaterfall = function applyPluginsWaterfall(name, init) {","\tif(!this._plugins[name]) return init;","\tvar args = Array.prototype.slice.call(arguments, 2);","\tvar plugins = this._plugins[name];","\tvar current = init;","\tfor(var i = 0; i < plugins.length; i++)","\t\tcurrent = plugins[i].apply(this, [current].concat(args));","\treturn current;","};","","Tapable.prototype.applyPluginsWaterfall0 = function applyPluginsWaterfall0(name, init) {","\tvar plugins = this._plugins[name];","\tif(!plugins) return init;","\tvar current = init;","\tfor(var i = 0; i < plugins.length; i++)","\t\tcurrent = plugins[i].call(this, current);","\treturn current;","};","","Tapable.prototype.applyPluginsBailResult = function applyPluginsBailResult(name) {","\tif(!this._plugins[name]) return;","\tvar args = Array.prototype.slice.call(arguments, 1);","\tvar plugins = this._plugins[name];","\tfor(var i = 0; i < plugins.length; i++) {","\t\tvar result = plugins[i].apply(this, args);","\t\tif(typeof result !== \"undefined\") {","\t\t\treturn result;","\t\t}","\t}","};","","Tapable.prototype.applyPluginsBailResult1 = function applyPluginsBailResult1(name, param) {","\tif(!this._plugins[name]) return;","\tvar plugins = this._plugins[name];","\tfor(var i = 0; i < plugins.length; i++) {","\t\tvar result = plugins[i].call(this, param);","\t\tif(typeof result !== \"undefined\") {","\t\t\treturn result;","\t\t}","\t}","};","","Tapable.prototype.applyPluginsAsyncSeries = Tapable.prototype.applyPluginsAsync = function applyPluginsAsyncSeries(name) {","\tvar args = Array.prototype.slice.call(arguments, 1);","\tvar callback = args.pop();","\tvar plugins = this._plugins[name];","\tif(!plugins || plugins.length === 0) return callback();","\tvar i = 0;","\tvar _this = this;","\targs.push(copyProperties(callback, function next(err) {","\t\tif(err) return callback(err);","\t\ti++;","\t\tif(i >= plugins.length) {","\t\t\treturn callback();","\t\t}","\t\tplugins[i].apply(_this, args);","\t}));","\tplugins[0].apply(this, args);","};","","Tapable.prototype.applyPluginsAsyncSeries1 = function applyPluginsAsyncSeries1(name, param, callback) {","\tvar plugins = this._plugins[name];","\tif(!plugins || plugins.length === 0) return callback();","\tvar i = 0;","\tvar _this = this;","\tvar innerCallback = copyProperties(callback, function next(err) {","\t\tif(err) return callback(err);","\t\ti++;","\t\tif(i >= plugins.length) {","\t\t\treturn callback();","\t\t}","\t\tplugins[i].call(_this, param, innerCallback);","\t});","\tplugins[0].call(this, param, innerCallback);","};","","Tapable.prototype.applyPluginsAsyncSeriesBailResult = function applyPluginsAsyncSeriesBailResult(name) {","\tvar args = Array.prototype.slice.call(arguments, 1);","\tvar callback = args.pop();","\tif(!this._plugins[name] || this._plugins[name].length === 0) return callback();","\tvar plugins = this._plugins[name];","\tvar i = 0;","\tvar _this = this;","\targs.push(copyProperties(callback, function next() {","\t\tif(arguments.length > 0) return callback.apply(null, arguments);","\t\ti++;","\t\tif(i >= plugins.length) {","\t\t\treturn callback();","\t\t}","\t\tplugins[i].apply(_this, args);","\t}));","\tplugins[0].apply(this, args);","};","","Tapable.prototype.applyPluginsAsyncSeriesBailResult1 = function applyPluginsAsyncSeriesBailResult1(name, param, callback) {","\tvar plugins = this._plugins[name];","\tif(!plugins || plugins.length === 0) return callback();","\tvar i = 0;","\tvar _this = this;","\tvar innerCallback = copyProperties(callback, function next(err, result) {","\t\tif(arguments.length > 0) return callback(err, result);","\t\ti++;","\t\tif(i >= plugins.length) {","\t\t\treturn callback();","\t\t}","\t\tplugins[i].call(_this, param, innerCallback);","\t});","\tplugins[0].call(this, param, innerCallback);","};","","Tapable.prototype.applyPluginsAsyncWaterfall = function applyPluginsAsyncWaterfall(name, init, callback) {","\tif(!this._plugins[name] || this._plugins[name].length === 0) return callback(null, init);","\tvar plugins = this._plugins[name];","\tvar i = 0;","\tvar _this = this;","\tvar next = copyProperties(callback, function(err, value) {","\t\tif(err) return callback(err);","\t\ti++;","\t\tif(i >= plugins.length) {","\t\t\treturn callback(null, value);","\t\t}","\t\tplugins[i].call(_this, value, next);","\t});","\tplugins[0].call(this, init, next);","};","","Tapable.prototype.applyPluginsParallel = function applyPluginsParallel(name) {","\tvar args = Array.prototype.slice.call(arguments, 1);","\tvar callback = args.pop();","\tif(!this._plugins[name] || this._plugins[name].length === 0) return callback();","\tvar plugins = this._plugins[name];","\tvar remaining = plugins.length;","\targs.push(copyProperties(callback, function(err) {","\t\tif(remaining < 0) return; // ignore","\t\tif(err) {","\t\t\tremaining = -1;","\t\t\treturn callback(err);","\t\t}","\t\tremaining--;","\t\tif(remaining === 0) {","\t\t\treturn callback();","\t\t}","\t}));","\tfor(var i = 0; i < plugins.length; i++) {","\t\tplugins[i].apply(this, args);","\t\tif(remaining < 0) return;","\t}","};","","Tapable.prototype.applyPluginsParallelBailResult = function applyPluginsParallelBailResult(name) {","\tvar args = Array.prototype.slice.call(arguments, 1);","\tvar callback = args[args.length - 1];","\tif(!this._plugins[name] || this._plugins[name].length === 0) return callback();","\tvar plugins = this._plugins[name];","\tvar currentPos = plugins.length;","\tvar currentResult;","\tvar done = [];","\tfor(var i = 0; i < plugins.length; i++) {","\t\targs[args.length - 1] = (function(i) {","\t\t\treturn copyProperties(callback, function() {","\t\t\t\tif(i >= currentPos) return; // ignore","\t\t\t\tdone.push(i);","\t\t\t\tif(arguments.length > 0) {","\t\t\t\t\tcurrentPos = i + 1;","\t\t\t\t\tdone = fastFilter.call(done, function(item) {","\t\t\t\t\t\treturn item <= i;","\t\t\t\t\t});","\t\t\t\t\tcurrentResult = Array.prototype.slice.call(arguments);","\t\t\t\t}","\t\t\t\tif(done.length === currentPos) {","\t\t\t\t\tcallback.apply(null, currentResult);","\t\t\t\t\tcurrentPos = 0;","\t\t\t\t}","\t\t\t});","\t\t}(i));","\t\tplugins[i].apply(this, args);","\t}","};","","Tapable.prototype.applyPluginsParallelBailResult1 = function applyPluginsParallelBailResult1(name, param, callback) {","\tvar plugins = this._plugins[name];","\tif(!plugins || plugins.length === 0) return callback();","\tvar currentPos = plugins.length;","\tvar currentResult;","\tvar done = [];","\tfor(var i = 0; i < plugins.length; i++) {","\t\tvar innerCallback = (function(i) {","\t\t\treturn copyProperties(callback, function() {","\t\t\t\tif(i >= currentPos) return; // ignore","\t\t\t\tdone.push(i);","\t\t\t\tif(arguments.length > 0) {","\t\t\t\t\tcurrentPos = i + 1;","\t\t\t\t\tdone = fastFilter.call(done, function(item) {","\t\t\t\t\t\treturn item <= i;","\t\t\t\t\t});","\t\t\t\t\tcurrentResult = Array.prototype.slice.call(arguments);","\t\t\t\t}","\t\t\t\tif(done.length === currentPos) {","\t\t\t\t\tcallback.apply(null, currentResult);","\t\t\t\t\tcurrentPos = 0;","\t\t\t\t}","\t\t\t});","\t\t}(i));","\t\tplugins[i].call(this, param, innerCallback);","\t}","};","","","Tapable.prototype.plugin = function plugin(name, fn) {","\tif(Array.isArray(name)) {","\t\tname.forEach(function(name) {","\t\t\tthis.plugin(name, fn);","\t\t}, this);","\t\treturn;","\t}","\tif(!this._plugins[name]) this._plugins[name] = [fn];","\telse this._plugins[name].push(fn);","};","","Tapable.prototype.apply = function apply() {","\tfor(var i = 0; i < arguments.length; i++) {","\t\targuments[i].apply(this);","\t}","};",""],"l":{"8":1,"11":0,"12":0,"15":0,"16":0,"17":0,"18":0,"21":0,"22":0,"23":0,"24":0,"25":0,"32":0,"33":0,"38":0,"41":1,"42":0,"44":1,"46":1,"47":0,"48":0,"49":0,"52":1,"53":0,"56":1,"57":0,"58":0,"59":0,"60":0,"61":0,"64":1,"65":0,"66":0,"67":0,"68":0,"71":1,"72":0,"73":0,"74":0,"75":0,"78":1,"79":0,"80":0,"81":0,"82":0,"85":1,"86":0,"87":0,"88":0,"89":0,"90":0,"91":0,"92":0,"95":1,"96":0,"97":0,"98":0,"99":0,"100":0,"101":0,"104":1,"105":0,"106":0,"107":0,"108":0,"109":0,"110":0,"111":0,"116":1,"117":0,"118":0,"119":0,"120":0,"121":0,"122":0,"127":1,"128":0,"129":0,"130":0,"131":0,"132":0,"133":0,"134":0,"135":0,"136":0,"137":0,"138":0,"140":0,"142":0,"145":1,"146":0,"147":0,"148":0,"149":0,"150":0,"151":0,"152":0,"153":0,"154":0,"156":0,"158":0,"161":1,"162":0,"163":0,"164":0,"165":0,"166":0,"167":0,"168":0,"169":0,"170":0,"171":0,"172":0,"174":0,"176":0,"179":1,"180":0,"181":0,"182":0,"183":0,"184":0,"185":0,"186":0,"187":0,"188":0,"190":0,"192":0,"195":1,"196":0,"197":0,"198":0,"199":0,"200":0,"201":0,"202":0,"203":0,"204":0,"206":0,"208":0,"211":1,"212":0,"213":0,"214":0,"215":0,"216":0,"217":0,"218":0,"219":0,"220":0,"221":0,"223":0,"224":0,"225":0,"228":0,"229":0,"230":0,"234":1,"235":0,"236":0,"237":0,"238":0,"239":0,"240":0,"241":0,"242":0,"243":0,"244":0,"245":0,"246":0,"247":0,"248":0,"249":0,"250":0,"252":0,"254":0,"255":0,"256":0,"260":0,"264":1,"265":0,"266":0,"267":0,"268":0,"269":0,"270":0,"271":0,"272":0,"273":0,"274":0,"275":0,"276":0,"277":0,"278":0,"280":0,"282":0,"283":0,"284":0,"288":0,"293":1,"294":0,"295":0,"296":0,"298":0,"300":0,"301":0,"304":1,"305":0,"306":0}}}